#
# There is insufficient memory for the Java Runtime Environment to continue.
# Native memory allocation (malloc) failed to allocate 67584 bytes for Chunk::new
# Possible reasons:
#   The system is out of physical RAM or swap space
#   The process is running with CompressedOops enabled, and the Java Heap may be blocking the growth of the native heap
# Possible solutions:
#   Reduce memory load on the system
#   Increase physical memory or swap space
#   Check if swap backing store is full
#   Decrease Java heap size (-Xmx/-Xms)
#   Decrease number of Java threads
#   Decrease Java thread stack sizes (-Xss)
#   Set larger code cache with -XX:ReservedCodeCacheSize=
#   JVM is running with Unscaled Compressed Oops mode in which the Java heap is
#     placed in the first 4GB address space. The Java Heap base address is the
#     maximum limit for the native heap growth. Please use -XX:HeapBaseMinAddress
#     to set the Java Heap base and to place the Java Heap above 4GB virtual address.
# This output file may be truncated or incomplete.
#
#  Out of Memory Error (./src/hotspot/share/memory/arena.cpp:197), pid=8040, tid=6276
#
# JRE version: OpenJDK Runtime Environment (11.0.12+7) (build 11.0.12+7-b1504.28-7817840)
# Java VM: OpenJDK 64-Bit Server VM (11.0.12+7-b1504.28-7817840, mixed mode, tiered, compressed oops, g1 gc, windows-amd64)
# No core dump will be written. Minidumps are not enabled by default on client versions of Windows
#

---------------  S U M M A R Y ------------

Command Line: --add-opens=java.base/java.util=ALL-UNNAMED --add-opens=java.base/java.lang=ALL-UNNAMED --add-opens=java.base/java.lang.invoke=ALL-UNNAMED --add-opens=java.base/java.util=ALL-UNNAMED --add-opens=java.prefs/java.util.prefs=ALL-UNNAMED --add-opens=java.prefs/java.util.prefs=ALL-UNNAMED --add-opens=java.base/java.nio.charset=ALL-UNNAMED --add-opens=java.base/java.net=ALL-UNNAMED --add-opens=java.base/java.util.concurrent.atomic=ALL-UNNAMED -Xmx2048m -Dfile.encoding=UTF-8 -Duser.country=US -Duser.language=en -Duser.variant org.gradle.launcher.daemon.bootstrap.GradleDaemon 7.0.2

Host: Intel(R) Xeon(R) Platinum 8272CL CPU @ 2.60GHz, 2 cores, 7G,  Windows 10 , 64 bit Build 19041 (10.0.19041.1806)
Time: Mon Aug  8 01:41:45 2022 Coordinated Universal Time elapsed time: 214.655977 seconds (0d 0h 3m 34s)

---------------  T H R E A D  ---------------

Current thread (0x000001c9790fa800):  JavaThread "C2 CompilerThread0" daemon [_thread_in_native, id=6276, stack(0x000000854da00000,0x000000854db00000)]


Current CompileTask:
C2: 214656 18290       4       org.gradle.internal.snapshot.AbstractListChildMap::store (72 bytes)

Stack: [0x000000854da00000,0x000000854db00000]
Native frames: (J=compiled Java code, j=interpreted, Vv=VM code, C=native code)
V  [jvm.dll+0x5fbcea]
V  [jvm.dll+0x731905]
V  [jvm.dll+0x732f1d]
V  [jvm.dll+0x7335d3]
V  [jvm.dll+0x247bf8]
V  [jvm.dll+0xc018c]
V  [jvm.dll+0xc06cc]
V  [jvm.dll+0xc02cc]
V  [jvm.dll+0x65806c]
V  [jvm.dll+0x51868c]
V  [jvm.dll+0x51623e]
V  [jvm.dll+0x51369e]
V  [jvm.dll+0x513714]
V  [jvm.dll+0x511616]
V  [jvm.dll+0x2018ec]
V  [jvm.dll+0x1ff71f]
V  [jvm.dll+0x18868c]
V  [jvm.dll+0x20e0d7]
V  [jvm.dll+0x20c901]
V  [jvm.dll+0x6f9b7f]
V  [jvm.dll+0x6f26a5]
V  [jvm.dll+0x5fabf6]
C  [ucrtbase.dll+0x21bb2]
C  [KERNEL32.DLL+0x17034]
C  [ntdll.dll+0x52651]


---------------  P R O C E S S  ---------------

Threads class SMR info:
_java_thread_list=0x000001c90fe45f40, length=56, elements={
0x000001c96e81a000, 0x000001c9790d3800, 0x000001c9790d7800, 0x000001c9790f1800,
0x000001c9790f2800, 0x000001c9790f3800, 0x000001c9790fa800, 0x000001c979100000,
0x000001c979102000, 0x000001c979ab1000, 0x000001c97b756800, 0x000001c97ad5c800,
0x000001c97b03a800, 0x000001c97b863000, 0x000001c97b860800, 0x000001c97b864800,
0x000001c97b864000, 0x000001c97b862800, 0x000001c97c5a3000, 0x000001c97c5a4000,
0x000001c97c5a5000, 0x000001c97c5a5800, 0x000001c97c5a8000, 0x000001c97c5ae800,
0x000001c90f9e9800, 0x000001c90f9ed800, 0x000001c90f9eb000, 0x000001c90f9ec000,
0x000001c90f9ed000, 0x000001c90f9ee800, 0x000001c90f9e9000, 0x000001c90f9ea800,
0x000001c90f9f4000, 0x000001c90f9f5000, 0x000001c90f9f2800, 0x000001c90f9f3800,
0x000001c90f9f1000, 0x000001c90f9ef800, 0x000001c90f9f6000, 0x000001c90f9f0000,
0x000001c90f9f6800, 0x000001c90f9f7800, 0x000001c90f9f1800, 0x000001c97c5a7800,
0x000001c97c5a1800, 0x000001c97c5a2800, 0x000001c97c5ac000, 0x000001c97c5aa000,
0x000001c97c5ad000, 0x000001c97c5aa800, 0x000001c97c5ae000, 0x000001c97c5a9000,
0x000001c97c5af800, 0x000001c97b861800, 0x000001c97b85f000, 0x000001c97b865800
}

Java Threads: ( => current thread )
  0x000001c96e81a000 JavaThread "main" [_thread_blocked, id=12872, stack(0x000000854ce00000,0x000000854cf00000)]
  0x000001c9790d3800 JavaThread "Reference Handler" daemon [_thread_blocked, id=11304, stack(0x000000854d500000,0x000000854d600000)]
  0x000001c9790d7800 JavaThread "Finalizer" daemon [_thread_blocked, id=12948, stack(0x000000854d600000,0x000000854d700000)]
  0x000001c9790f1800 JavaThread "Signal Dispatcher" daemon [_thread_blocked, id=10576, stack(0x000000854d700000,0x000000854d800000)]
  0x000001c9790f2800 JavaThread "Attach Listener" daemon [_thread_blocked, id=12728, stack(0x000000854d800000,0x000000854d900000)]
  0x000001c9790f3800 JavaThread "Service Thread" daemon [_thread_blocked, id=5992, stack(0x000000854d900000,0x000000854da00000)]
=>0x000001c9790fa800 JavaThread "C2 CompilerThread0" daemon [_thread_in_native, id=6276, stack(0x000000854da00000,0x000000854db00000)]
  0x000001c979100000 JavaThread "C1 CompilerThread0" daemon [_thread_blocked, id=10164, stack(0x000000854db00000,0x000000854dc00000)]
  0x000001c979102000 JavaThread "Sweeper thread" daemon [_thread_blocked, id=12552, stack(0x000000854dc00000,0x000000854dd00000)]
  0x000001c979ab1000 JavaThread "Common-Cleaner" daemon [_thread_blocked, id=4512, stack(0x000000854dd00000,0x000000854de00000)]
  0x000001c97b756800 JavaThread "Daemon health stats" [_thread_blocked, id=13032, stack(0x000000854e000000,0x000000854e100000)]
  0x000001c97ad5c800 JavaThread "Incoming local TCP Connector on port 61164" [_thread_in_native, id=11812, stack(0x000000854e100000,0x000000854e200000)]
  0x000001c97b03a800 JavaThread "Daemon periodic checks" [_thread_blocked, id=8916, stack(0x000000854e300000,0x000000854e400000)]
  0x000001c97b863000 JavaThread "Cache worker for file hash cache (C:\Users\solifire\.gradle\caches\7.0.2\fileHashes)" [_thread_blocked, id=12060, stack(0x000000854eb00000,0x000000854ec00000)]
  0x000001c97b860800 JavaThread "File lock request listener" [_thread_in_native, id=9656, stack(0x000000854ec00000,0x000000854ed00000)]
  0x000001c97b864800 JavaThread "Cache worker for journal cache (C:\Users\solifire\.gradle\caches\journal-1)" [_thread_blocked, id=4204, stack(0x000000854ed00000,0x000000854ee00000)]
  0x000001c97b864000 JavaThread "File watcher server" daemon [_thread_in_native, id=8688, stack(0x000000854ef00000,0x000000854f000000)]
  0x000001c97b862800 JavaThread "File watcher consumer" daemon [_thread_blocked, id=11180, stack(0x000000854f000000,0x000000854f100000)]
  0x000001c97c5a3000 JavaThread "Cache worker for execution history cache (C:\Users\solifire\.gradle\caches\7.0.2\executionHistory)" [_thread_blocked, id=10856, stack(0x000000854f400000,0x000000854f500000)]
  0x000001c97c5a4000 JavaThread "jar transforms" [_thread_blocked, id=3936, stack(0x000000854f500000,0x000000854f600000)]
  0x000001c97c5a5000 JavaThread "jar transforms Thread 2" [_thread_blocked, id=10488, stack(0x000000854f600000,0x000000854f700000)]
  0x000001c97c5a5800 JavaThread "Cache worker for file content cache (C:\Users\solifire\.gradle\caches\7.0.2\fileContent)" [_thread_blocked, id=2976, stack(0x000000854f700000,0x000000854f800000)]
  0x000001c97c5a8000 JavaThread "Memory manager" [_thread_blocked, id=11860, stack(0x000000854fc00000,0x000000854fd00000)]
  0x000001c97c5ae800 JavaThread "pool-3-thread-1" [_thread_blocked, id=11964, stack(0x000000854fe00000,0x000000854ff00000)]
  0x000001c90f9e9800 JavaThread "pool-6-thread-1" [_thread_blocked, id=6960, stack(0x000000854fb00000,0x000000854fc00000)]
  0x000001c90f9ed800 JavaThread "Daemon Thread 2" [_thread_blocked, id=7420, stack(0x000000854cc00000,0x000000854cd00000)]
  0x000001c90f9eb000 JavaThread "Handler for socket connection from /127.0.0.1:61164 to /127.0.0.1:61231" [_thread_in_native, id=9052, stack(0x000000854cd00000,0x000000854ce00000)]
  0x000001c90f9ec000 JavaThread "Cancel handler" [_thread_blocked, id=12196, stack(0x000000854e400000,0x000000854e500000)]
  0x000001c90f9ed000 JavaThread "Daemon worker Thread 2" [_thread_blocked, id=11172, stack(0x000000854e500000,0x000000854e600000)]
  0x000001c90f9ee800 JavaThread "Asynchronous log dispatcher for DefaultDaemonConnection: socket connection from /127.0.0.1:61164 to /127.0.0.1:61231" [_thread_in_vm, id=10952, stack(0x000000854e600000,0x000000854e700000)]
  0x000001c90f9e9000 JavaThread "Stdin handler" [_thread_blocked, id=7476, stack(0x000000854e700000,0x000000854e800000)]
  0x000001c90f9ea800 JavaThread "Daemon client event forwarder" [_thread_in_native, id=9556, stack(0x000000854e800000,0x000000854e900000)]
  0x000001c90f9f4000 JavaThread "Cache worker for file hash cache (C:\Users\solifire\Downloads\Login-Register-CRUD-With-Kotlin-and-PHP-MySQL-main\Login-Register-CRUD-With-Kotlin-and-PHP-MySQL-main\Kotlin\.gradle\7.0.2\fileHashes)" [_thread_blocked, id=12544, stack(0x000000854e900000,0x000000854ea00000)]
  0x000001c90f9f5000 JavaThread "Cache worker for checksums cache (C:\Users\solifire\Downloads\Login-Register-CRUD-With-Kotlin-and-PHP-MySQL-main\Login-Register-CRUD-With-Kotlin-and-PHP-MySQL-main\Kotlin\.gradle\checksums)" [_thread_blocked, id=3216, stack(0x000000854ea00000,0x000000854eb00000)]
  0x000001c90f9f2800 JavaThread "Cache worker for cache directory md-supplier (C:\Users\solifire\.gradle\caches\7.0.2\md-supplier)" [_thread_blocked, id=5504, stack(0x000000854ee00000,0x000000854ef00000)]
  0x000001c90f9f3800 JavaThread "Cache worker for cache directory md-rule (C:\Users\solifire\.gradle\caches\7.0.2\md-rule)" [_thread_blocked, id=2980, stack(0x000000854f100000,0x000000854f200000)]
  0x000001c90f9f1000 JavaThread "Cache worker for dependencies-accessors (C:\Users\solifire\Downloads\Login-Register-CRUD-With-Kotlin-and-PHP-MySQL-main\Login-Register-CRUD-With-Kotlin-and-PHP-MySQL-main\Kotlin\.gradle\7.0.2\dependencies-accessors)" [_thread_blocked, id=7980, stack(0x000000854f200000,0x000000854f300000)]
  0x000001c90f9ef800 JavaThread "Cache worker for Build Output Cleanup Cache (C:\Users\solifire\Downloads\Login-Register-CRUD-With-Kotlin-and-PHP-MySQL-main\Login-Register-CRUD-With-Kotlin-and-PHP-MySQL-main\Kotlin\.gradle\buildOutputCleanup)" [_thread_blocked, id=10544, stack(0x000000854f300000,0x000000854f400000)]
  0x000001c90f9f6000 JavaThread "Build operations" [_thread_blocked, id=13296, stack(0x000000854f800000,0x000000854f900000)]
  0x000001c90f9f0000 JavaThread "Build operations Thread 2" [_thread_blocked, id=9444, stack(0x000000854f900000,0x000000854fa00000)]
  0x000001c90f9f6800 JavaThread "build event listener" [_thread_blocked, id=4988, stack(0x000000854fa00000,0x000000854fb00000)]
  0x000001c90f9f7800 JavaThread "pool-9-thread-1" [_thread_blocked, id=6632, stack(0x000000854fd00000,0x000000854fe00000)]
  0x000001c90f9f1800 JavaThread "build event listener" [_thread_blocked, id=6648, stack(0x000000854ff00000,0x0000008550000000)]
  0x000001c97c5a7800 JavaThread "Execution worker for ':'" [_thread_in_native, id=7956, stack(0x0000008550000000,0x0000008550100000)]
  0x000001c97c5a1800 JavaThread "Cache worker for execution history cache (C:\Users\solifire\Downloads\Login-Register-CRUD-With-Kotlin-and-PHP-MySQL-main\Login-Register-CRUD-With-Kotlin-and-PHP-MySQL-main\Kotlin\.gradle\7.0.2\executionHistory)" [_thread_blocked, id=7392, stack(0x0000008550100000,0x0000008550200000)]
  0x000001c97c5a2800 JavaThread "WorkerExecutor Queue" [_thread_blocked, id=1172, stack(0x0000008550300000,0x0000008550400000)]
  0x000001c97c5ac000 JavaThread "WorkerExecutor Queue Thread 2" [_thread_blocked, id=9028, stack(0x0000008550400000,0x0000008550500000)]
  0x000001c97c5aa000 JavaThread "pool-10-thread-1" [_thread_blocked, id=6988, stack(0x0000008550500000,0x0000008550600000)]
  0x000001c97c5ad000 JavaThread "stderr" [_thread_in_native, id=1900, stack(0x0000008550600000,0x0000008550700000)]
  0x000001c97c5aa800 JavaThread "stdout" [_thread_in_native, id=832, stack(0x0000008550700000,0x0000008550800000)]
  0x000001c97c5ae000 JavaThread "RMI Scheduler(0)" daemon [_thread_blocked, id=11452, stack(0x0000008550800000,0x0000008550900000)]
  0x000001c97c5a9000 JavaThread "RMI RenewClean-[127.0.0.1:17343,org.jetbrains.kotlin.daemon.common.LoopbackNetworkInterface$ClientLoopbackSocketFactory@41037570]" daemon [_thread_blocked, id=12604, stack(0x0000008550900000,0x0000008550a00000)]
  0x000001c97c5af800 JavaThread "RMI GC Daemon" daemon [_thread_blocked, id=7164, stack(0x0000008550a00000,0x0000008550b00000)]
  0x000001c97b861800 JavaThread "RMI TCP Accept-0" daemon [_thread_in_native, id=12036, stack(0x0000008550b00000,0x0000008550c00000)]
  0x000001c97b85f000 JavaThread "RMI Reaper" [_thread_blocked, id=11064, stack(0x0000008550c00000,0x0000008550d00000)]
  0x000001c97b865800 JavaThread "RMI TCP Connection(1)-127.0.0.1" daemon [_thread_in_native, id=5796, stack(0x0000008550d00000,0x0000008550e00000)]

Other Threads:
  0x000001c9790cf000 VMThread "VM Thread" [stack: 0x000000854d400000,0x000000854d500000] [id=6712]
  0x000001c979abe800 WatcherThread [stack: 0x000000854de00000,0x000000854df00000] [id=5452]
  0x000001c96e832800 GCTaskThread "GC Thread#0" [stack: 0x000000854cf00000,0x000000854d000000] [id=7692]
  0x000001c979bac000 GCTaskThread "GC Thread#1" [stack: 0x000000854df00000,0x000000854e000000] [id=5220]
  0x000001c96e864000 ConcurrentGCThread "G1 Main Marker" [stack: 0x000000854d000000,0x000000854d100000] [id=10652]
  0x000001c96e865000 ConcurrentGCThread "G1 Conc#0" [stack: 0x000000854d100000,0x000000854d200000] [id=11156]
  0x000001c96e8ee000 ConcurrentGCThread "G1 Refine#0" [stack: 0x000000854d200000,0x000000854d300000] [id=12064]
  0x000001c97a39c000 ConcurrentGCThread "G1 Refine#1" [stack: 0x000000854e200000,0x000000854e300000] [id=7124]
  0x000001c978f20800 ConcurrentGCThread "G1 Young RemSet Sampling" [stack: 0x000000854d300000,0x000000854d400000] [id=10520]

Threads with active compile tasks:
C2 CompilerThread0 214700 18290       4       org.gradle.internal.snapshot.AbstractListChildMap::store (72 bytes)

VM state:not at safepoint (normal execution)

VM Mutex/Monitor currently owned by a thread: None

Heap address: 0x0000000080000000, size: 2048 MB, Compressed Oops mode: 32-bit
Narrow klass base: 0x0000000000000000, Narrow klass shift: 3
Compressed class space size: 1073741824 Address: 0x0000000100000000

Heap:
 garbage-first heap   total 273408K, used 124037K [0x0000000080000000, 0x0000000100000000)
  region size 1024K, 22 young (22528K), 8 survivors (8192K)
 Metaspace       used 118532K, capacity 121286K, committed 121508K, reserved 1155072K
  class space    used 14406K, capacity 15400K, committed 15488K, reserved 1048576K
Heap Regions: E=young(eden), S=young(survivor), O=old, HS=humongous(starts), HC=humongous(continues), CS=collection set, F=free, A=archive, TAMS=top-at-mark-start (previous, next)
|   0|0x0000000080000000, 0x0000000080100000, 0x0000000080100000|100%| O|  |TAMS 0x0000000080100000, 0x0000000080000000| Untracked 
|   1|0x0000000080100000, 0x0000000080200000, 0x0000000080200000|100%| O|  |TAMS 0x0000000080200000, 0x0000000080100000| Untracked 
|   2|0x0000000080200000, 0x0000000080300000, 0x0000000080300000|100%| O|  |TAMS 0x0000000080300000, 0x0000000080200000| Untracked 
|   3|0x0000000080300000, 0x0000000080400000, 0x0000000080400000|100%| O|  |TAMS 0x0000000080400000, 0x0000000080300000| Untracked 
|   4|0x0000000080400000, 0x0000000080500000, 0x0000000080500000|100%|HS|  |TAMS 0x0000000080500000, 0x0000000080400000| Complete 
|   5|0x0000000080500000, 0x0000000080600000, 0x0000000080600000|100%|HC|  |TAMS 0x0000000080600000, 0x0000000080500000| Complete 
|   6|0x0000000080600000, 0x0000000080700000, 0x0000000080700000|100%|HC|  |TAMS 0x0000000080700000, 0x0000000080600000| Complete 
|   7|0x0000000080700000, 0x0000000080800000, 0x0000000080800000|100%| O|  |TAMS 0x0000000080800000, 0x0000000080700000| Untracked 
|   8|0x0000000080800000, 0x0000000080900000, 0x0000000080900000|100%| O|  |TAMS 0x0000000080900000, 0x0000000080800000| Untracked 
|   9|0x0000000080900000, 0x0000000080a00000, 0x0000000080a00000|100%| O|  |TAMS 0x0000000080a00000, 0x0000000080900000| Untracked 
|  10|0x0000000080a00000, 0x0000000080b00000, 0x0000000080b00000|100%| O|  |TAMS 0x0000000080b00000, 0x0000000080a00000| Untracked 
|  11|0x0000000080b00000, 0x0000000080c00000, 0x0000000080c00000|100%| O|  |TAMS 0x0000000080c00000, 0x0000000080b00000| Complete 
|  12|0x0000000080c00000, 0x0000000080d00000, 0x0000000080d00000|100%| O|  |TAMS 0x0000000080d00000, 0x0000000080c00000| Untracked 
|  13|0x0000000080d00000, 0x0000000080e00000, 0x0000000080e00000|100%| O|  |TAMS 0x0000000080e00000, 0x0000000080d00000| Untracked 
|  14|0x0000000080e00000, 0x0000000080f00000, 0x0000000080f00000|100%| O|  |TAMS 0x0000000080f00000, 0x0000000080e00000| Complete 
|  15|0x0000000080f00000, 0x0000000081000000, 0x0000000081000000|100%|HS|  |TAMS 0x0000000081000000, 0x0000000080f00000| Complete 
|  16|0x0000000081000000, 0x0000000081100000, 0x0000000081100000|100%| O|  |TAMS 0x0000000081100000, 0x0000000081000000| Untracked 
|  17|0x0000000081100000, 0x0000000081200000, 0x0000000081200000|100%| O|  |TAMS 0x0000000081200000, 0x0000000081100000| Untracked 
|  18|0x0000000081200000, 0x0000000081300000, 0x0000000081300000|100%| O|  |TAMS 0x0000000081300000, 0x0000000081200000| Complete 
|  19|0x0000000081300000, 0x0000000081400000, 0x0000000081400000|100%| O|  |TAMS 0x0000000081400000, 0x0000000081300000| Untracked 
|  20|0x0000000081400000, 0x0000000081500000, 0x0000000081500000|100%| O|  |TAMS 0x0000000081500000, 0x0000000081400000| Complete 
|  21|0x0000000081500000, 0x0000000081600000, 0x0000000081600000|100%| O|  |TAMS 0x0000000081600000, 0x0000000081500000| Untracked 
|  22|0x0000000081600000, 0x0000000081700000, 0x0000000081700000|100%| O|  |TAMS 0x0000000081700000, 0x0000000081600000| Untracked 
|  23|0x0000000081700000, 0x0000000081800000, 0x0000000081800000|100%| O|  |TAMS 0x0000000081800000, 0x0000000081700000| Untracked 
|  24|0x0000000081800000, 0x0000000081900000, 0x0000000081900000|100%| O|  |TAMS 0x0000000081900000, 0x0000000081800000| Untracked 
|  25|0x0000000081900000, 0x0000000081a00000, 0x0000000081a00000|100%| O|  |TAMS 0x0000000081a00000, 0x0000000081900000| Untracked 
|  26|0x0000000081a00000, 0x0000000081b00000, 0x0000000081b00000|100%| O|  |TAMS 0x0000000081b00000, 0x0000000081a00000| Complete 
|  27|0x0000000081b00000, 0x0000000081c00000, 0x0000000081c00000|100%|HS|  |TAMS 0x0000000081c00000, 0x0000000081b00000| Complete 
|  28|0x0000000081c00000, 0x0000000081d00000, 0x0000000081d00000|100%|HS|  |TAMS 0x0000000081d00000, 0x0000000081c00000| Complete 
|  29|0x0000000081d00000, 0x0000000081e00000, 0x0000000081e00000|100%|HS|  |TAMS 0x0000000081e00000, 0x0000000081d00000| Complete 
|  30|0x0000000081e00000, 0x0000000081f00000, 0x0000000081f00000|100%|HC|  |TAMS 0x0000000081f00000, 0x0000000081e00000| Complete 
|  31|0x0000000081f00000, 0x0000000082000000, 0x0000000082000000|100%|HC|  |TAMS 0x0000000082000000, 0x0000000081f00000| Complete 
|  32|0x0000000082000000, 0x0000000082100000, 0x0000000082100000|100%|HS|  |TAMS 0x0000000082100000, 0x0000000082000000| Complete 
|  33|0x0000000082100000, 0x0000000082200000, 0x0000000082200000|100%|HC|  |TAMS 0x0000000082200000, 0x0000000082100000| Complete 
|  34|0x0000000082200000, 0x0000000082300000, 0x0000000082300000|100%| O|  |TAMS 0x0000000082300000, 0x0000000082200000| Complete 
|  35|0x0000000082300000, 0x0000000082400000, 0x0000000082400000|100%| O|  |TAMS 0x0000000082400000, 0x0000000082300000| Untracked 
|  36|0x0000000082400000, 0x0000000082500000, 0x0000000082500000|100%| O|  |TAMS 0x0000000082500000, 0x0000000082400000| Complete 
|  37|0x0000000082500000, 0x0000000082600000, 0x0000000082600000|100%| O|  |TAMS 0x0000000082600000, 0x0000000082500000| Untracked 
|  38|0x0000000082600000, 0x0000000082700000, 0x0000000082700000|100%| O|  |TAMS 0x0000000082700000, 0x0000000082600000| Untracked 
|  39|0x0000000082700000, 0x0000000082800000, 0x0000000082800000|100%| O|  |TAMS 0x0000000082800000, 0x0000000082700000| Untracked 
|  40|0x0000000082800000, 0x0000000082900000, 0x0000000082900000|100%| O|  |TAMS 0x0000000082900000, 0x0000000082800000| Complete 
|  41|0x0000000082900000, 0x0000000082a00000, 0x0000000082a00000|100%| O|  |TAMS 0x0000000082a00000, 0x0000000082900000| Untracked 
|  42|0x0000000082a00000, 0x0000000082b00000, 0x0000000082b00000|100%| O|  |TAMS 0x0000000082b00000, 0x0000000082a00000| Untracked 
|  43|0x0000000082b00000, 0x0000000082c00000, 0x0000000082c00000|100%| O|  |TAMS 0x0000000082c00000, 0x0000000082b00000| Untracked 
|  44|0x0000000082c00000, 0x0000000082d00000, 0x0000000082d00000|100%| O|  |TAMS 0x0000000082d00000, 0x0000000082c00000| Complete 
|  45|0x0000000082d00000, 0x0000000082e00000, 0x0000000082e00000|100%| O|  |TAMS 0x0000000082e00000, 0x0000000082d00000| Complete 
|  46|0x0000000082e00000, 0x0000000082f00000, 0x0000000082f00000|100%| O|  |TAMS 0x0000000082f00000, 0x0000000082e00000| Complete 
|  47|0x0000000082f00000, 0x0000000083000000, 0x0000000083000000|100%| O|  |TAMS 0x0000000083000000, 0x0000000082f00000| Untracked 
|  48|0x0000000083000000, 0x0000000083100000, 0x0000000083100000|100%| O|  |TAMS 0x0000000083100000, 0x0000000083000000| Untracked 
|  49|0x0000000083100000, 0x0000000083200000, 0x0000000083200000|100%| O|  |TAMS 0x0000000083200000, 0x0000000083100000| Untracked 
|  50|0x0000000083200000, 0x0000000083300000, 0x0000000083300000|100%| O|  |TAMS 0x0000000083300000, 0x0000000083200000| Untracked 
|  51|0x0000000083300000, 0x0000000083400000, 0x0000000083400000|100%| O|  |TAMS 0x0000000083400000, 0x0000000083300000| Untracked 
|  52|0x0000000083400000, 0x0000000083500000, 0x0000000083500000|100%| O|  |TAMS 0x0000000083500000, 0x0000000083400000| Complete 
|  53|0x0000000083500000, 0x0000000083600000, 0x0000000083600000|100%| O|  |TAMS 0x0000000083600000, 0x0000000083500000| Untracked 
|  54|0x0000000083600000, 0x0000000083700000, 0x0000000083700000|100%| O|  |TAMS 0x0000000083700000, 0x0000000083600000| Untracked 
|  55|0x0000000083700000, 0x0000000083800000, 0x0000000083800000|100%| O|  |TAMS 0x0000000083800000, 0x0000000083700000| Untracked 
|  56|0x0000000083800000, 0x0000000083900000, 0x0000000083900000|100%| O|  |TAMS 0x0000000083900000, 0x0000000083800000| Untracked 
|  57|0x0000000083900000, 0x0000000083a00000, 0x0000000083a00000|100%| O|  |TAMS 0x0000000083a00000, 0x0000000083900000| Untracked 
|  58|0x0000000083a00000, 0x0000000083b00000, 0x0000000083b00000|100%| O|  |TAMS 0x0000000083b00000, 0x0000000083a00000| Untracked 
|  59|0x0000000083b00000, 0x0000000083c00000, 0x0000000083c00000|100%| O|  |TAMS 0x0000000083c00000, 0x0000000083b00000| Complete 
|  60|0x0000000083c00000, 0x0000000083d00000, 0x0000000083d00000|100%| O|  |TAMS 0x0000000083d00000, 0x0000000083c00000| Complete 
|  61|0x0000000083d00000, 0x0000000083e00000, 0x0000000083e00000|100%| O|  |TAMS 0x0000000083e00000, 0x0000000083d00000| Complete 
|  62|0x0000000083e00000, 0x0000000083f00000, 0x0000000083f00000|100%| O|  |TAMS 0x0000000083f00000, 0x0000000083e00000| Untracked 
|  63|0x0000000083f00000, 0x0000000084000000, 0x0000000084000000|100%| O|  |TAMS 0x0000000084000000, 0x0000000083f00000| Complete 
|  64|0x0000000084000000, 0x0000000084100000, 0x0000000084100000|100%| O|  |TAMS 0x0000000084100000, 0x0000000084000000| Complete 
|  65|0x0000000084100000, 0x0000000084200000, 0x0000000084200000|100%| O|  |TAMS 0x0000000084200000, 0x0000000084100000| Untracked 
|  66|0x0000000084200000, 0x0000000084300000, 0x0000000084300000|100%| O|  |TAMS 0x0000000084300000, 0x0000000084200000| Untracked 
|  67|0x0000000084300000, 0x0000000084400000, 0x0000000084400000|100%| O|  |TAMS 0x0000000084400000, 0x0000000084300000| Untracked 
|  68|0x0000000084400000, 0x0000000084400000, 0x0000000084500000|  0%| F|  |TAMS 0x0000000084400000, 0x0000000084400000| Untracked 
|  69|0x0000000084500000, 0x0000000084600000, 0x0000000084600000|100%| O|  |TAMS 0x0000000084600000, 0x0000000084500000| Complete 
|  70|0x0000000084600000, 0x0000000084700000, 0x0000000084700000|100%| O|  |TAMS 0x0000000084700000, 0x0000000084600000| Complete 
|  71|0x0000000084700000, 0x0000000084800000, 0x0000000084800000|100%| O|  |TAMS 0x0000000084800000, 0x0000000084700000| Complete 
|  72|0x0000000084800000, 0x0000000084900000, 0x0000000084900000|100%| O|  |TAMS 0x0000000084900000, 0x0000000084800000| Untracked 
|  73|0x0000000084900000, 0x0000000084a00000, 0x0000000084a00000|100%| O|  |TAMS 0x0000000084a00000, 0x0000000084900000| Complete 
|  74|0x0000000084a00000, 0x0000000084b00000, 0x0000000084b00000|100%| O|  |TAMS 0x0000000084b00000, 0x0000000084a00000| Untracked 
|  75|0x0000000084b00000, 0x0000000084c00000, 0x0000000084c00000|100%| O|  |TAMS 0x0000000084c00000, 0x0000000084b00000| Complete 
|  76|0x0000000084c00000, 0x0000000084c00000, 0x0000000084d00000|  0%| F|  |TAMS 0x0000000084c00000, 0x0000000084c00000| Untracked 
|  77|0x0000000084d00000, 0x0000000084e00000, 0x0000000084e00000|100%| O|  |TAMS 0x0000000084e00000, 0x0000000084d00000| Complete 
|  78|0x0000000084e00000, 0x0000000084f00000, 0x0000000084f00000|100%| O|  |TAMS 0x0000000084f00000, 0x0000000084e00000| Complete 
|  79|0x0000000084f00000, 0x0000000085000000, 0x0000000085000000|100%| O|  |TAMS 0x0000000085000000, 0x0000000084f00000| Complete 
|  80|0x0000000085000000, 0x0000000085100000, 0x0000000085100000|100%| O|  |TAMS 0x0000000085100000, 0x0000000085000000| Untracked 
|  81|0x0000000085100000, 0x0000000085100000, 0x0000000085200000|  0%| F|  |TAMS 0x0000000085100000, 0x0000000085100000| Untracked 
|  82|0x0000000085200000, 0x0000000085300000, 0x0000000085300000|100%| O|  |TAMS 0x0000000085300000, 0x0000000085200000| Complete 
|  83|0x0000000085300000, 0x0000000085300000, 0x0000000085400000|  0%| F|  |TAMS 0x0000000085300000, 0x0000000085300000| Untracked 
|  84|0x0000000085400000, 0x0000000085500000, 0x0000000085500000|100%| O|  |TAMS 0x0000000085500000, 0x0000000085400000| Complete 
|  85|0x0000000085500000, 0x0000000085600000, 0x0000000085600000|100%| O|  |TAMS 0x0000000085600000, 0x0000000085500000| Untracked 
|  86|0x0000000085600000, 0x0000000085700000, 0x0000000085700000|100%| O|  |TAMS 0x0000000085700000, 0x0000000085600000| Untracked 
|  87|0x0000000085700000, 0x0000000085800000, 0x0000000085800000|100%| O|  |TAMS 0x0000000085800000, 0x0000000085700000| Untracked 
|  88|0x0000000085800000, 0x0000000085900000, 0x0000000085900000|100%| O|  |TAMS 0x0000000085900000, 0x0000000085800000| Untracked 
|  89|0x0000000085900000, 0x0000000085a00000, 0x0000000085a00000|100%| O|  |TAMS 0x0000000085a00000, 0x0000000085900000| Complete 
|  90|0x0000000085a00000, 0x0000000085a00000, 0x0000000085b00000|  0%| F|  |TAMS 0x0000000085a00000, 0x0000000085a00000| Untracked 
|  91|0x0000000085b00000, 0x0000000085c00000, 0x0000000085c00000|100%| O|  |TAMS 0x0000000085c00000, 0x0000000085b00000| Untracked 
|  92|0x0000000085c00000, 0x0000000085d00000, 0x0000000085d00000|100%| O|  |TAMS 0x0000000085d00000, 0x0000000085c00000| Complete 
|  93|0x0000000085d00000, 0x0000000085d00000, 0x0000000085e00000|  0%| F|  |TAMS 0x0000000085d00000, 0x0000000085d00000| Untracked 
|  94|0x0000000085e00000, 0x0000000085e00000, 0x0000000085f00000|  0%| F|  |TAMS 0x0000000085e00000, 0x0000000085e00000| Untracked 
|  95|0x0000000085f00000, 0x0000000085fdf000, 0x0000000086000000| 87%| O|  |TAMS 0x0000000085fdf000, 0x0000000085f00000| Untracked 
|  96|0x0000000086000000, 0x0000000086100000, 0x0000000086100000|100%| O|  |TAMS 0x0000000086100000, 0x0000000086000000| Complete 
|  97|0x0000000086100000, 0x0000000086100000, 0x0000000086200000|  0%| F|  |TAMS 0x0000000086100000, 0x0000000086100000| Untracked 
|  98|0x0000000086200000, 0x0000000086200000, 0x0000000086300000|  0%| F|  |TAMS 0x0000000086200000, 0x0000000086200000| Untracked 
|  99|0x0000000086300000, 0x0000000086300000, 0x0000000086400000|  0%| F|  |TAMS 0x0000000086300000, 0x0000000086300000| Untracked 
| 100|0x0000000086400000, 0x0000000086400000, 0x0000000086500000|  0%| F|  |TAMS 0x0000000086400000, 0x0000000086400000| Untracked 
| 101|0x0000000086500000, 0x0000000086600000, 0x0000000086600000|100%| O|  |TAMS 0x0000000086600000, 0x0000000086500000| Complete 
| 102|0x0000000086600000, 0x0000000086600000, 0x0000000086700000|  0%| F|  |TAMS 0x0000000086600000, 0x0000000086600000| Untracked 
| 103|0x0000000086700000, 0x0000000086700000, 0x0000000086800000|  0%| F|  |TAMS 0x0000000086700000, 0x0000000086700000| Untracked 
| 104|0x0000000086800000, 0x0000000086800000, 0x0000000086900000|  0%| F|  |TAMS 0x0000000086800000, 0x0000000086800000| Untracked 
| 105|0x0000000086900000, 0x0000000086a00000, 0x0000000086a00000|100%| O|  |TAMS 0x0000000086a00000, 0x0000000086900000| Complete 
| 106|0x0000000086a00000, 0x0000000086a00000, 0x0000000086b00000|  0%| F|  |TAMS 0x0000000086a00000, 0x0000000086a00000| Untracked 
| 107|0x0000000086b00000, 0x0000000086b00000, 0x0000000086c00000|  0%| F|  |TAMS 0x0000000086b00000, 0x0000000086b00000| Untracked 
| 108|0x0000000086c00000, 0x0000000086c00000, 0x0000000086d00000|  0%| F|  |TAMS 0x0000000086c00000, 0x0000000086c00000| Untracked 
| 109|0x0000000086d00000, 0x0000000086e00000, 0x0000000086e00000|100%| O|  |TAMS 0x0000000086e00000, 0x0000000086d00000| Complete 
| 110|0x0000000086e00000, 0x0000000086f00000, 0x0000000086f00000|100%| O|  |TAMS 0x0000000086f00000, 0x0000000086e00000| Complete 
| 111|0x0000000086f00000, 0x0000000086f00000, 0x0000000087000000|  0%| F|  |TAMS 0x0000000086f00000, 0x0000000086f00000| Untracked 
| 112|0x0000000087000000, 0x0000000087000000, 0x0000000087100000|  0%| F|  |TAMS 0x0000000087000000, 0x0000000087000000| Untracked 
| 113|0x0000000087100000, 0x0000000087100000, 0x0000000087200000|  0%| F|  |TAMS 0x0000000087100000, 0x0000000087100000| Untracked 
| 114|0x0000000087200000, 0x0000000087200000, 0x0000000087300000|  0%| F|  |TAMS 0x0000000087200000, 0x0000000087200000| Untracked 
| 115|0x0000000087300000, 0x0000000087400000, 0x0000000087400000|100%| O|  |TAMS 0x0000000087400000, 0x0000000087300000| Untracked 
| 116|0x0000000087400000, 0x0000000087500000, 0x0000000087500000|100%| O|  |TAMS 0x0000000087500000, 0x0000000087400000| Complete 
| 117|0x0000000087500000, 0x0000000087600000, 0x0000000087600000|100%| O|  |TAMS 0x0000000087600000, 0x0000000087500000| Complete 
| 118|0x0000000087600000, 0x0000000087600000, 0x0000000087700000|  0%| F|  |TAMS 0x0000000087600000, 0x0000000087600000| Untracked 
| 119|0x0000000087700000, 0x0000000087800000, 0x0000000087800000|100%| O|  |TAMS 0x0000000087800000, 0x0000000087700000| Complete 
| 120|0x0000000087800000, 0x0000000087900000, 0x0000000087900000|100%| O|  |TAMS 0x0000000087900000, 0x0000000087800000| Complete 
| 121|0x0000000087900000, 0x0000000087900000, 0x0000000087a00000|  0%| F|  |TAMS 0x0000000087900000, 0x0000000087900000| Untracked 
| 122|0x0000000087a00000, 0x0000000087a00000, 0x0000000087b00000|  0%| F|  |TAMS 0x0000000087a00000, 0x0000000087a00000| Untracked 
| 123|0x0000000087b00000, 0x0000000087b00000, 0x0000000087c00000|  0%| F|  |TAMS 0x0000000087b00000, 0x0000000087b00000| Untracked 
| 124|0x0000000087c00000, 0x0000000087c00000, 0x0000000087d00000|  0%| F|  |TAMS 0x0000000087c00000, 0x0000000087c00000| Untracked 
| 125|0x0000000087d00000, 0x0000000087d00000, 0x0000000087e00000|  0%| F|  |TAMS 0x0000000087d00000, 0x0000000087d00000| Untracked 
| 126|0x0000000087e00000, 0x0000000087f00000, 0x0000000087f00000|100%| O|  |TAMS 0x0000000087f00000, 0x0000000087e00000| Complete 
| 127|0x0000000087f00000, 0x0000000087f00000, 0x0000000088000000|  0%| F|  |TAMS 0x0000000087f00000, 0x0000000087f00000| Untracked 
| 128|0x0000000088000000, 0x0000000088000000, 0x0000000088100000|  0%| F|  |TAMS 0x0000000088000000, 0x0000000088000000| Untracked 
| 129|0x0000000088100000, 0x0000000088200000, 0x0000000088200000|100%| O|  |TAMS 0x0000000088200000, 0x0000000088100000| Complete 
| 130|0x0000000088200000, 0x0000000088200000, 0x0000000088300000|  0%| F|  |TAMS 0x0000000088200000, 0x0000000088200000| Untracked 
| 131|0x0000000088300000, 0x0000000088300000, 0x0000000088400000|  0%| F|  |TAMS 0x0000000088300000, 0x0000000088300000| Untracked 
| 132|0x0000000088400000, 0x0000000088400000, 0x0000000088500000|  0%| F|  |TAMS 0x0000000088400000, 0x0000000088400000| Untracked 
| 133|0x0000000088500000, 0x0000000088500000, 0x0000000088600000|  0%| F|  |TAMS 0x0000000088500000, 0x0000000088500000| Untracked 
| 134|0x0000000088600000, 0x0000000088600000, 0x0000000088700000|  0%| F|  |TAMS 0x0000000088600000, 0x0000000088600000| Untracked 
| 135|0x0000000088700000, 0x0000000088700000, 0x0000000088800000|  0%| F|  |TAMS 0x0000000088700000, 0x0000000088700000| Untracked 
| 136|0x0000000088800000, 0x0000000088800000, 0x0000000088900000|  0%| F|  |TAMS 0x0000000088800000, 0x0000000088800000| Untracked 
| 137|0x0000000088900000, 0x0000000088900000, 0x0000000088a00000|  0%| F|  |TAMS 0x0000000088900000, 0x0000000088900000| Untracked 
| 138|0x0000000088a00000, 0x0000000088a00000, 0x0000000088b00000|  0%| F|  |TAMS 0x0000000088a00000, 0x0000000088a00000| Untracked 
| 139|0x0000000088b00000, 0x0000000088b00000, 0x0000000088c00000|  0%| F|  |TAMS 0x0000000088b00000, 0x0000000088b00000| Untracked 
| 140|0x0000000088c00000, 0x0000000088c00000, 0x0000000088d00000|  0%| F|  |TAMS 0x0000000088c00000, 0x0000000088c00000| Untracked 
| 141|0x0000000088d00000, 0x0000000088d00000, 0x0000000088e00000|  0%| F|  |TAMS 0x0000000088d00000, 0x0000000088d00000| Untracked 
| 142|0x0000000088e00000, 0x0000000088e00000, 0x0000000088f00000|  0%| F|  |TAMS 0x0000000088e00000, 0x0000000088e00000| Untracked 
| 143|0x0000000088f00000, 0x0000000088f00000, 0x0000000089000000|  0%| F|  |TAMS 0x0000000088f00000, 0x0000000088f00000| Untracked 
| 144|0x0000000089000000, 0x0000000089000000, 0x0000000089100000|  0%| F|  |TAMS 0x0000000089000000, 0x0000000089000000| Untracked 
| 145|0x0000000089100000, 0x0000000089100000, 0x0000000089200000|  0%| F|  |TAMS 0x0000000089100000, 0x0000000089100000| Untracked 
| 146|0x0000000089200000, 0x0000000089200000, 0x0000000089300000|  0%| F|  |TAMS 0x0000000089200000, 0x0000000089200000| Untracked 
| 147|0x0000000089300000, 0x0000000089300000, 0x0000000089400000|  0%| F|  |TAMS 0x0000000089300000, 0x0000000089300000| Untracked 
| 148|0x0000000089400000, 0x0000000089400000, 0x0000000089500000|  0%| F|  |TAMS 0x0000000089400000, 0x0000000089400000| Untracked 
| 149|0x0000000089500000, 0x0000000089500000, 0x0000000089600000|  0%| F|  |TAMS 0x0000000089500000, 0x0000000089500000| Untracked 
| 150|0x0000000089600000, 0x0000000089600000, 0x0000000089700000|  0%| F|  |TAMS 0x0000000089600000, 0x0000000089600000| Untracked 
| 151|0x0000000089700000, 0x0000000089700000, 0x0000000089800000|  0%| F|  |TAMS 0x0000000089700000, 0x0000000089700000| Untracked 
| 152|0x0000000089800000, 0x0000000089800000, 0x0000000089900000|  0%| F|  |TAMS 0x0000000089800000, 0x0000000089800000| Untracked 
| 153|0x0000000089900000, 0x0000000089900000, 0x0000000089a00000|  0%| F|  |TAMS 0x0000000089900000, 0x0000000089900000| Untracked 
| 154|0x0000000089a00000, 0x0000000089a00000, 0x0000000089b00000|  0%| F|  |TAMS 0x0000000089a00000, 0x0000000089a00000| Untracked 
| 155|0x0000000089b00000, 0x0000000089b00000, 0x0000000089c00000|  0%| F|  |TAMS 0x0000000089b00000, 0x0000000089b00000| Untracked 
| 156|0x0000000089c00000, 0x0000000089c42410, 0x0000000089d00000| 25%| S|CS|TAMS 0x0000000089c00000, 0x0000000089c00000| Complete 
| 157|0x0000000089d00000, 0x0000000089e00000, 0x0000000089e00000|100%| S|CS|TAMS 0x0000000089d00000, 0x0000000089d00000| Complete 
| 158|0x0000000089e00000, 0x0000000089f00000, 0x0000000089f00000|100%| S|CS|TAMS 0x0000000089e00000, 0x0000000089e00000| Complete 
| 159|0x0000000089f00000, 0x000000008a000000, 0x000000008a000000|100%| S|CS|TAMS 0x0000000089f00000, 0x0000000089f00000| Complete 
| 160|0x000000008a000000, 0x000000008a100000, 0x000000008a100000|100%| S|CS|TAMS 0x000000008a000000, 0x000000008a000000| Complete 
| 161|0x000000008a100000, 0x000000008a200000, 0x000000008a200000|100%| S|CS|TAMS 0x000000008a100000, 0x000000008a100000| Complete 
| 162|0x000000008a200000, 0x000000008a300000, 0x000000008a300000|100%| S|CS|TAMS 0x000000008a200000, 0x000000008a200000| Complete 
| 163|0x000000008a300000, 0x000000008a400000, 0x000000008a400000|100%| S|CS|TAMS 0x000000008a300000, 0x000000008a300000| Complete 
| 164|0x000000008a400000, 0x000000008a400000, 0x000000008a500000|  0%| F|  |TAMS 0x000000008a400000, 0x000000008a400000| Untracked 
| 165|0x000000008a500000, 0x000000008a500000, 0x000000008a600000|  0%| F|  |TAMS 0x000000008a500000, 0x000000008a500000| Untracked 
| 166|0x000000008a600000, 0x000000008a600000, 0x000000008a700000|  0%| F|  |TAMS 0x000000008a600000, 0x000000008a600000| Untracked 
| 167|0x000000008a700000, 0x000000008a700000, 0x000000008a800000|  0%| F|  |TAMS 0x000000008a700000, 0x000000008a700000| Untracked 
| 168|0x000000008a800000, 0x000000008a800000, 0x000000008a900000|  0%| F|  |TAMS 0x000000008a800000, 0x000000008a800000| Untracked 
| 169|0x000000008a900000, 0x000000008a900000, 0x000000008aa00000|  0%| F|  |TAMS 0x000000008a900000, 0x000000008a900000| Untracked 
| 170|0x000000008aa00000, 0x000000008aa00000, 0x000000008ab00000|  0%| F|  |TAMS 0x000000008aa00000, 0x000000008aa00000| Untracked 
| 171|0x000000008ab00000, 0x000000008ab00000, 0x000000008ac00000|  0%| F|  |TAMS 0x000000008ab00000, 0x000000008ab00000| Untracked 
| 172|0x000000008ac00000, 0x000000008ac00000, 0x000000008ad00000|  0%| F|  |TAMS 0x000000008ac00000, 0x000000008ac00000| Untracked 
| 173|0x000000008ad00000, 0x000000008ad00000, 0x000000008ae00000|  0%| F|  |TAMS 0x000000008ad00000, 0x000000008ad00000| Untracked 
| 174|0x000000008ae00000, 0x000000008ae00000, 0x000000008af00000|  0%| F|  |TAMS 0x000000008ae00000, 0x000000008ae00000| Untracked 
| 175|0x000000008af00000, 0x000000008af00000, 0x000000008b000000|  0%| F|  |TAMS 0x000000008af00000, 0x000000008af00000| Untracked 
| 176|0x000000008b000000, 0x000000008b000000, 0x000000008b100000|  0%| F|  |TAMS 0x000000008b000000, 0x000000008b000000| Untracked 
| 177|0x000000008b100000, 0x000000008b100000, 0x000000008b200000|  0%| F|  |TAMS 0x000000008b100000, 0x000000008b100000| Untracked 
| 178|0x000000008b200000, 0x000000008b200000, 0x000000008b300000|  0%| F|  |TAMS 0x000000008b200000, 0x000000008b200000| Untracked 
| 179|0x000000008b300000, 0x000000008b300000, 0x000000008b400000|  0%| F|  |TAMS 0x000000008b300000, 0x000000008b300000| Untracked 
| 180|0x000000008b400000, 0x000000008b400000, 0x000000008b500000|  0%| F|  |TAMS 0x000000008b400000, 0x000000008b400000| Untracked 
| 181|0x000000008b500000, 0x000000008b500000, 0x000000008b600000|  0%| F|  |TAMS 0x000000008b500000, 0x000000008b500000| Untracked 
| 182|0x000000008b600000, 0x000000008b600000, 0x000000008b700000|  0%| F|  |TAMS 0x000000008b600000, 0x000000008b600000| Untracked 
| 183|0x000000008b700000, 0x000000008b700000, 0x000000008b800000|  0%| F|  |TAMS 0x000000008b700000, 0x000000008b700000| Untracked 
| 184|0x000000008b800000, 0x000000008b800000, 0x000000008b900000|  0%| F|  |TAMS 0x000000008b800000, 0x000000008b800000| Untracked 
| 185|0x000000008b900000, 0x000000008b900000, 0x000000008ba00000|  0%| F|  |TAMS 0x000000008b900000, 0x000000008b900000| Untracked 
| 186|0x000000008ba00000, 0x000000008ba00000, 0x000000008bb00000|  0%| F|  |TAMS 0x000000008ba00000, 0x000000008ba00000| Untracked 
| 187|0x000000008bb00000, 0x000000008bb00000, 0x000000008bc00000|  0%| F|  |TAMS 0x000000008bb00000, 0x000000008bb00000| Untracked 
| 188|0x000000008bc00000, 0x000000008bc00000, 0x000000008bd00000|  0%| F|  |TAMS 0x000000008bc00000, 0x000000008bc00000| Untracked 
| 189|0x000000008bd00000, 0x000000008bd00000, 0x000000008be00000|  0%| F|  |TAMS 0x000000008bd00000, 0x000000008bd00000| Untracked 
| 190|0x000000008be00000, 0x000000008be00000, 0x000000008bf00000|  0%| F|  |TAMS 0x000000008be00000, 0x000000008be00000| Untracked 
| 191|0x000000008bf00000, 0x000000008bf00000, 0x000000008c000000|  0%| F|  |TAMS 0x000000008bf00000, 0x000000008bf00000| Untracked 
| 192|0x000000008c000000, 0x000000008c000000, 0x000000008c100000|  0%| F|  |TAMS 0x000000008c000000, 0x000000008c000000| Untracked 
| 193|0x000000008c100000, 0x000000008c100000, 0x000000008c200000|  0%| F|  |TAMS 0x000000008c100000, 0x000000008c100000| Untracked 
| 194|0x000000008c200000, 0x000000008c200000, 0x000000008c300000|  0%| F|  |TAMS 0x000000008c200000, 0x000000008c200000| Untracked 
| 195|0x000000008c300000, 0x000000008c300000, 0x000000008c400000|  0%| F|  |TAMS 0x000000008c300000, 0x000000008c300000| Untracked 
| 196|0x000000008c400000, 0x000000008c400000, 0x000000008c500000|  0%| F|  |TAMS 0x000000008c400000, 0x000000008c400000| Untracked 
| 197|0x000000008c500000, 0x000000008c500000, 0x000000008c600000|  0%| F|  |TAMS 0x000000008c500000, 0x000000008c500000| Untracked 
| 198|0x000000008c600000, 0x000000008c600000, 0x000000008c700000|  0%| F|  |TAMS 0x000000008c600000, 0x000000008c600000| Untracked 
| 199|0x000000008c700000, 0x000000008c700000, 0x000000008c800000|  0%| F|  |TAMS 0x000000008c700000, 0x000000008c700000| Untracked 
| 200|0x000000008c800000, 0x000000008c800000, 0x000000008c900000|  0%| F|  |TAMS 0x000000008c800000, 0x000000008c800000| Untracked 
| 201|0x000000008c900000, 0x000000008c900000, 0x000000008ca00000|  0%| F|  |TAMS 0x000000008c900000, 0x000000008c900000| Untracked 
| 202|0x000000008ca00000, 0x000000008ca00000, 0x000000008cb00000|  0%| F|  |TAMS 0x000000008ca00000, 0x000000008ca00000| Untracked 
| 203|0x000000008cb00000, 0x000000008cb00000, 0x000000008cc00000|  0%| F|  |TAMS 0x000000008cb00000, 0x000000008cb00000| Untracked 
| 204|0x000000008cc00000, 0x000000008cc00000, 0x000000008cd00000|  0%| F|  |TAMS 0x000000008cc00000, 0x000000008cc00000| Untracked 
| 205|0x000000008cd00000, 0x000000008cd00000, 0x000000008ce00000|  0%| F|  |TAMS 0x000000008cd00000, 0x000000008cd00000| Untracked 
| 206|0x000000008ce00000, 0x000000008ce00000, 0x000000008cf00000|  0%| F|  |TAMS 0x000000008ce00000, 0x000000008ce00000| Untracked 
| 207|0x000000008cf00000, 0x000000008cf00000, 0x000000008d000000|  0%| F|  |TAMS 0x000000008cf00000, 0x000000008cf00000| Untracked 
| 208|0x000000008d000000, 0x000000008d000000, 0x000000008d100000|  0%| F|  |TAMS 0x000000008d000000, 0x000000008d000000| Untracked 
| 209|0x000000008d100000, 0x000000008d100000, 0x000000008d200000|  0%| F|  |TAMS 0x000000008d100000, 0x000000008d100000| Untracked 
| 210|0x000000008d200000, 0x000000008d200000, 0x000000008d300000|  0%| F|  |TAMS 0x000000008d200000, 0x000000008d200000| Untracked 
| 211|0x000000008d300000, 0x000000008d300000, 0x000000008d400000|  0%| F|  |TAMS 0x000000008d300000, 0x000000008d300000| Untracked 
| 212|0x000000008d400000, 0x000000008d400000, 0x000000008d500000|  0%| F|  |TAMS 0x000000008d400000, 0x000000008d400000| Untracked 
| 213|0x000000008d500000, 0x000000008d500000, 0x000000008d600000|  0%| F|  |TAMS 0x000000008d500000, 0x000000008d500000| Untracked 
| 214|0x000000008d600000, 0x000000008d600000, 0x000000008d700000|  0%| F|  |TAMS 0x000000008d600000, 0x000000008d600000| Untracked 
| 215|0x000000008d700000, 0x000000008d700000, 0x000000008d800000|  0%| F|  |TAMS 0x000000008d700000, 0x000000008d700000| Untracked 
| 216|0x000000008d800000, 0x000000008d800000, 0x000000008d900000|  0%| F|  |TAMS 0x000000008d800000, 0x000000008d800000| Untracked 
| 217|0x000000008d900000, 0x000000008d900000, 0x000000008da00000|  0%| F|  |TAMS 0x000000008d900000, 0x000000008d900000| Untracked 
| 218|0x000000008da00000, 0x000000008da00000, 0x000000008db00000|  0%| F|  |TAMS 0x000000008da00000, 0x000000008da00000| Untracked 
| 219|0x000000008db00000, 0x000000008db00000, 0x000000008dc00000|  0%| F|  |TAMS 0x000000008db00000, 0x000000008db00000| Untracked 
| 220|0x000000008dc00000, 0x000000008dc00000, 0x000000008dd00000|  0%| F|  |TAMS 0x000000008dc00000, 0x000000008dc00000| Untracked 
| 221|0x000000008dd00000, 0x000000008dd00000, 0x000000008de00000|  0%| F|  |TAMS 0x000000008dd00000, 0x000000008dd00000| Untracked 
| 222|0x000000008de00000, 0x000000008de00000, 0x000000008df00000|  0%| F|  |TAMS 0x000000008de00000, 0x000000008de00000| Untracked 
| 223|0x000000008df00000, 0x000000008df00000, 0x000000008e000000|  0%| F|  |TAMS 0x000000008df00000, 0x000000008df00000| Untracked 
| 224|0x000000008e000000, 0x000000008e000000, 0x000000008e100000|  0%| F|  |TAMS 0x000000008e000000, 0x000000008e000000| Untracked 
| 225|0x000000008e100000, 0x000000008e100000, 0x000000008e200000|  0%| F|  |TAMS 0x000000008e100000, 0x000000008e100000| Untracked 
| 226|0x000000008e200000, 0x000000008e200000, 0x000000008e300000|  0%| F|  |TAMS 0x000000008e200000, 0x000000008e200000| Untracked 
| 227|0x000000008e300000, 0x000000008e300000, 0x000000008e400000|  0%| F|  |TAMS 0x000000008e300000, 0x000000008e300000| Untracked 
| 228|0x000000008e400000, 0x000000008e400000, 0x000000008e500000|  0%| F|  |TAMS 0x000000008e400000, 0x000000008e400000| Untracked 
| 229|0x000000008e500000, 0x000000008e500000, 0x000000008e600000|  0%| F|  |TAMS 0x000000008e500000, 0x000000008e500000| Untracked 
| 230|0x000000008e600000, 0x000000008e600000, 0x000000008e700000|  0%| F|  |TAMS 0x000000008e600000, 0x000000008e600000| Untracked 
| 231|0x000000008e700000, 0x000000008e700000, 0x000000008e800000|  0%| F|  |TAMS 0x000000008e700000, 0x000000008e700000| Untracked 
| 232|0x000000008e800000, 0x000000008e800000, 0x000000008e900000|  0%| F|  |TAMS 0x000000008e800000, 0x000000008e800000| Untracked 
| 233|0x000000008e900000, 0x000000008e900000, 0x000000008ea00000|  0%| F|  |TAMS 0x000000008e900000, 0x000000008e900000| Untracked 
| 234|0x000000008ea00000, 0x000000008ea00000, 0x000000008eb00000|  0%| F|  |TAMS 0x000000008ea00000, 0x000000008ea00000| Untracked 
| 235|0x000000008eb00000, 0x000000008eb00000, 0x000000008ec00000|  0%| F|  |TAMS 0x000000008eb00000, 0x000000008eb00000| Untracked 
| 236|0x000000008ec00000, 0x000000008ec00000, 0x000000008ed00000|  0%| F|  |TAMS 0x000000008ec00000, 0x000000008ec00000| Untracked 
| 237|0x000000008ed00000, 0x000000008ed00000, 0x000000008ee00000|  0%| F|  |TAMS 0x000000008ed00000, 0x000000008ed00000| Untracked 
| 238|0x000000008ee00000, 0x000000008ee00000, 0x000000008ef00000|  0%| F|  |TAMS 0x000000008ee00000, 0x000000008ee00000| Untracked 
| 239|0x000000008ef00000, 0x000000008ef00000, 0x000000008f000000|  0%| F|  |TAMS 0x000000008ef00000, 0x000000008ef00000| Untracked 
| 240|0x000000008f000000, 0x000000008f000000, 0x000000008f100000|  0%| F|  |TAMS 0x000000008f000000, 0x000000008f000000| Untracked 
| 241|0x000000008f100000, 0x000000008f100000, 0x000000008f200000|  0%| F|  |TAMS 0x000000008f100000, 0x000000008f100000| Untracked 
| 242|0x000000008f200000, 0x000000008f200000, 0x000000008f300000|  0%| F|  |TAMS 0x000000008f200000, 0x000000008f200000| Untracked 
| 243|0x000000008f300000, 0x000000008f300000, 0x000000008f400000|  0%| F|  |TAMS 0x000000008f300000, 0x000000008f300000| Untracked 
| 244|0x000000008f400000, 0x000000008f400000, 0x000000008f500000|  0%| F|  |TAMS 0x000000008f400000, 0x000000008f400000| Untracked 
| 245|0x000000008f500000, 0x000000008f500000, 0x000000008f600000|  0%| F|  |TAMS 0x000000008f500000, 0x000000008f500000| Untracked 
| 246|0x000000008f600000, 0x000000008f600000, 0x000000008f700000|  0%| F|  |TAMS 0x000000008f600000, 0x000000008f600000| Untracked 
| 247|0x000000008f700000, 0x000000008f700000, 0x000000008f800000|  0%| F|  |TAMS 0x000000008f700000, 0x000000008f700000| Untracked 
| 248|0x000000008f800000, 0x000000008f800000, 0x000000008f900000|  0%| F|  |TAMS 0x000000008f800000, 0x000000008f800000| Untracked 
| 249|0x000000008f900000, 0x000000008f900000, 0x000000008fa00000|  0%| F|  |TAMS 0x000000008f900000, 0x000000008f900000| Untracked 
| 250|0x000000008fa00000, 0x000000008fa00000, 0x000000008fb00000|  0%| F|  |TAMS 0x000000008fa00000, 0x000000008fa00000| Untracked 
| 251|0x000000008fb00000, 0x000000008fb00000, 0x000000008fc00000|  0%| F|  |TAMS 0x000000008fb00000, 0x000000008fb00000| Untracked 
| 252|0x000000008fc00000, 0x000000008fc00000, 0x000000008fd00000|  0%| F|  |TAMS 0x000000008fc00000, 0x000000008fc00000| Untracked 
| 253|0x000000008fd00000, 0x000000008fd03658, 0x000000008fe00000|  1%| E|  |TAMS 0x000000008fd00000, 0x000000008fd00000| Complete 
| 254|0x000000008fe00000, 0x000000008ff00000, 0x000000008ff00000|100%| E|CS|TAMS 0x000000008fe00000, 0x000000008fe00000| Complete 
| 255|0x000000008ff00000, 0x0000000090000000, 0x0000000090000000|100%| E|CS|TAMS 0x000000008ff00000, 0x000000008ff00000| Complete 
| 256|0x0000000090000000, 0x0000000090100000, 0x0000000090100000|100%| E|CS|TAMS 0x0000000090000000, 0x0000000090000000| Complete 
| 257|0x0000000090100000, 0x0000000090200000, 0x0000000090200000|100%| E|CS|TAMS 0x0000000090100000, 0x0000000090100000| Complete 
| 258|0x0000000090200000, 0x0000000090300000, 0x0000000090300000|100%| E|CS|TAMS 0x0000000090200000, 0x0000000090200000| Complete 
| 259|0x0000000090300000, 0x0000000090400000, 0x0000000090400000|100%| E|CS|TAMS 0x0000000090300000, 0x0000000090300000| Complete 
| 260|0x0000000090400000, 0x0000000090500000, 0x0000000090500000|100%| E|CS|TAMS 0x0000000090400000, 0x0000000090400000| Complete 
| 261|0x0000000090500000, 0x0000000090600000, 0x0000000090600000|100%| E|CS|TAMS 0x0000000090500000, 0x0000000090500000| Complete 
| 262|0x0000000090600000, 0x0000000090700000, 0x0000000090700000|100%| E|CS|TAMS 0x0000000090600000, 0x0000000090600000| Complete 
| 263|0x0000000090700000, 0x0000000090800000, 0x0000000090800000|100%| E|CS|TAMS 0x0000000090700000, 0x0000000090700000| Complete 
| 264|0x0000000090800000, 0x0000000090900000, 0x0000000090900000|100%| E|CS|TAMS 0x0000000090800000, 0x0000000090800000| Complete 
| 265|0x0000000090900000, 0x0000000090a00000, 0x0000000090a00000|100%| E|CS|TAMS 0x0000000090900000, 0x0000000090900000| Complete 
| 266|0x0000000090a00000, 0x0000000090b00000, 0x0000000090b00000|100%| E|CS|TAMS 0x0000000090a00000, 0x0000000090a00000| Complete 

Card table byte_map: [0x000001c972720000,0x000001c972b20000] _byte_map_base: 0x000001c972320000

Marking Bits (Prev, Next): (CMBitMap*) 0x000001c96e85b3a8, (CMBitMap*) 0x000001c96e85b3e0
 Prev Bits: [0x000001c972f20000, 0x000001c974f20000)
 Next Bits: [0x000001c974f20000, 0x000001c976f20000)

Polling page: 0x000001c96c730000

Metaspace:

Usage:
  Non-class:    103.40 MB capacity,   101.69 MB ( 98%) used,     1.40 MB (  1%) free+waste,   327.31 KB ( <1%) overhead. 
      Class:     15.04 MB capacity,    14.07 MB ( 94%) used,   852.21 KB (  6%) free+waste,   141.25 KB ( <1%) overhead. 
       Both:    118.44 MB capacity,   115.75 MB ( 98%) used,     2.23 MB (  2%) free+waste,   468.56 KB ( <1%) overhead. 

Virtual space:
  Non-class space:      104.00 MB reserved,     103.54 MB (>99%) committed 
      Class space:        1.00 GB reserved,      15.13 MB (  1%) committed 
             Both:        1.10 GB reserved,     118.66 MB ( 11%) committed 

Chunk freelists:
   Non-Class:  6.00 KB
       Class:  0 bytes
        Both:  6.00 KB

MaxMetaspaceSize: 17179869184.00 GB
CompressedClassSpaceSize: 1.00 GB
Initial GC threshold: 20.80 MB
Current GC threshold: 195.27 MB
CDS: off

CodeHeap 'non-profiled nmethods': size=120064Kb used=11159Kb max_used=11159Kb free=108904Kb
 bounds [0x000001c907ac0000, 0x000001c9085b0000, 0x000001c90f000000]
CodeHeap 'profiled nmethods': size=120000Kb used=37934Kb max_used=37934Kb free=82066Kb
 bounds [0x000001c900590000, 0x000001c902aa0000, 0x000001c907ac0000]
CodeHeap 'non-nmethods': size=5696Kb used=2474Kb max_used=2517Kb free=3221Kb
 bounds [0x000001c900000000, 0x000001c900280000, 0x000001c900590000]
 total_blobs=18195 nmethods=17201 adapters=905
 compilation: enabled
              stopped_count=0, restarted_count=0
 full_count=0

Compilation events (20 events):
Event: 208.618 Thread 0x000001c9790fa800 nmethod 18265 0x000001c908594b10 code [0x000001c9085952a0, 0x000001c90859cea8]
Event: 208.619 Thread 0x000001c9790fa800 18271       4       jdk.internal.org.objectweb.asm.ByteVector::putInt (74 bytes)
Event: 208.620 Thread 0x000001c9790fa800 nmethod 18271 0x000001c9085a1610 code [0x000001c9085a17a0, 0x000001c9085a18d8]
Event: 208.620 Thread 0x000001c9790fa800 18268  s    4       java.lang.Throwable::fillInStackTrace (29 bytes)
Event: 208.623 Thread 0x000001c9790fa800 nmethod 18268 0x000001c9085a1a10 code [0x000001c9085a1bc0, 0x000001c9085a1fa8]
Event: 211.158 Thread 0x000001c9790fa800 18283       4       java.util.ComparableTimSort::binarySort (223 bytes)
Event: 211.175 Thread 0x000001c9790fa800 nmethod 18283 0x000001c9085a2090 code [0x000001c9085a2240, 0x000001c9085a2c58]
Event: 214.492 Thread 0x000001c979100000 18284   !   3       java.io.ObjectInputStream::filterCheck (223 bytes)
Event: 214.493 Thread 0x000001c979100000 nmethod 18284 0x000001c902a91710 code [0x000001c902a91a00, 0x000001c902a92968]
Event: 214.543 Thread 0x000001c979100000 18285       3       org.gradle.internal.snapshot.impl.SnapshotSerializer::write (886 bytes)
Event: 214.544 Thread 0x000001c9790fa800 18286       4       com.google.common.collect.ImmutableMultimap$1::next (68 bytes)
Event: 214.552 Thread 0x000001c979100000 nmethod 18285 0x000001c902a92f90 code [0x000001c902a93a80, 0x000001c902a9bdb8]
Event: 214.556 Thread 0x000001c9790fa800 nmethod 18286 0x000001c9085a3010 code [0x000001c9085a3200, 0x000001c9085a37b8]
Event: 214.556 Thread 0x000001c9790fa800 18287       4       com.google.common.collect.ImmutableMultimap$1::next (5 bytes)
Event: 214.566 Thread 0x000001c9790fa800 nmethod 18287 0x000001c9085a3b90 code [0x000001c9085a3d80, 0x000001c9085a4338]
Event: 214.566 Thread 0x000001c9790fa800 18288 %     4       com.esotericsoftware.kryo.io.Output::writeString_slow @ 0 (238 bytes)
Event: 214.580 Thread 0x000001c9790fa800 nmethod 18288% 0x000001c9085a4710 code [0x000001c9085a48e0, 0x000001c9085a4fc8]
Event: 214.580 Thread 0x000001c9790fa800 18289       4       com.esotericsoftware.kryo.io.Output::writeString_slow (238 bytes)
Event: 214.591 Thread 0x000001c9790fa800 nmethod 18289 0x000001c9085a5410 code [0x000001c9085a55e0, 0x000001c9085a5be8]
Event: 214.593 Thread 0x000001c9790fa800 18290       4       org.gradle.internal.snapshot.AbstractListChildMap::store (72 bytes)

GC Heap History (20 events):
Event: 189.586 GC heap before
{Heap before GC invocations=43 (full 0):
 garbage-first heap   total 273408K, used 123392K [0x0000000080000000, 0x0000000100000000)
  region size 1024K, 18 young (18432K), 2 survivors (2048K)
 Metaspace       used 107245K, capacity 109712K, committed 109988K, reserved 1144832K
  class space    used 13021K, capacity 13869K, committed 13952K, reserved 1048576K
}
Event: 189.605 GC heap after
{Heap after GC invocations=44 (full 0):
 garbage-first heap   total 273408K, used 111545K [0x0000000080000000, 0x0000000100000000)
  region size 1024K, 5 young (5120K), 5 survivors (5120K)
 Metaspace       used 107245K, capacity 109712K, committed 109988K, reserved 1144832K
  class space    used 13021K, capacity 13869K, committed 13952K, reserved 1048576K
}
Event: 191.601 GC heap before
{Heap before GC invocations=45 (full 0):
 garbage-first heap   total 273408K, used 210873K [0x0000000080000000, 0x0000000100000000)
  region size 1024K, 91 young (93184K), 5 survivors (5120K)
 Metaspace       used 107319K, capacity 109725K, committed 109988K, reserved 1144832K
  class space    used 13022K, capacity 13871K, committed 13952K, reserved 1048576K
}
Event: 191.664 GC heap after
{Heap after GC invocations=46 (full 0):
 garbage-first heap   total 273408K, used 128752K [0x0000000080000000, 0x0000000100000000)
  region size 1024K, 12 young (12288K), 12 survivors (12288K)
 Metaspace       used 107319K, capacity 109725K, committed 109988K, reserved 1144832K
  class space    used 13022K, capacity 13871K, committed 13952K, reserved 1048576K
}
Event: 191.692 GC heap before
{Heap before GC invocations=46 (full 0):
 garbage-first heap   total 273408K, used 129776K [0x0000000080000000, 0x0000000100000000)
  region size 1024K, 13 young (13312K), 12 survivors (12288K)
 Metaspace       used 107319K, capacity 109725K, committed 109988K, reserved 1144832K
  class space    used 13022K, capacity 13871K, committed 13952K, reserved 1048576K
}
Event: 191.736 GC heap after
{Heap after GC invocations=47 (full 0):
 garbage-first heap   total 273408K, used 129024K [0x0000000080000000, 0x0000000100000000)
  region size 1024K, 1 young (1024K), 1 survivors (1024K)
 Metaspace       used 107319K, capacity 109725K, committed 109988K, reserved 1144832K
  class space    used 13022K, capacity 13871K, committed 13952K, reserved 1048576K
}
Event: 192.835 GC heap before
{Heap before GC invocations=47 (full 0):
 garbage-first heap   total 273408K, used 196608K [0x0000000080000000, 0x0000000100000000)
  region size 1024K, 68 young (69632K), 1 survivors (1024K)
 Metaspace       used 107358K, capacity 109789K, committed 109988K, reserved 1144832K
  class space    used 13022K, capacity 13871K, committed 13952K, reserved 1048576K
}
Event: 192.865 GC heap after
{Heap after GC invocations=48 (full 0):
 garbage-first heap   total 273408K, used 133896K [0x0000000080000000, 0x0000000100000000)
  region size 1024K, 6 young (6144K), 6 survivors (6144K)
 Metaspace       used 107358K, capacity 109789K, committed 109988K, reserved 1144832K
  class space    used 13022K, capacity 13871K, committed 13952K, reserved 1048576K
}
Event: 194.531 GC heap before
{Heap before GC invocations=49 (full 0):
 garbage-first heap   total 273408K, used 228104K [0x0000000080000000, 0x0000000100000000)
  region size 1024K, 81 young (82944K), 6 survivors (6144K)
 Metaspace       used 107428K, capacity 109858K, committed 109988K, reserved 1144832K
  class space    used 13023K, capacity 13872K, committed 13952K, reserved 1048576K
}
Event: 194.543 GC heap after
{Heap after GC invocations=50 (full 0):
 garbage-first heap   total 273408K, used 132680K [0x0000000080000000, 0x0000000100000000)
  region size 1024K, 4 young (4096K), 4 survivors (4096K)
 Metaspace       used 107428K, capacity 109858K, committed 109988K, reserved 1144832K
  class space    used 13023K, capacity 13872K, committed 13952K, reserved 1048576K
}
Event: 194.714 GC heap before
{Heap before GC invocations=50 (full 0):
 garbage-first heap   total 273408K, used 140872K [0x0000000080000000, 0x0000000100000000)
  region size 1024K, 13 young (13312K), 4 survivors (4096K)
 Metaspace       used 107430K, capacity 109858K, committed 109988K, reserved 1144832K
  class space    used 13023K, capacity 13872K, committed 13952K, reserved 1048576K
}
Event: 194.725 GC heap after
{Heap after GC invocations=51 (full 0):
 garbage-first heap   total 273408K, used 132410K [0x0000000080000000, 0x0000000100000000)
  region size 1024K, 1 young (1024K), 1 survivors (1024K)
 Metaspace       used 107430K, capacity 109858K, committed 109988K, reserved 1144832K
  class space    used 13023K, capacity 13872K, committed 13952K, reserved 1048576K
}
Event: 197.254 GC heap before
{Heap before GC invocations=51 (full 0):
 garbage-first heap   total 273408K, used 213306K [0x0000000080000000, 0x0000000100000000)
  region size 1024K, 81 young (82944K), 1 survivors (1024K)
 Metaspace       used 108779K, capacity 111218K, committed 111396K, reserved 1146880K
  class space    used 13161K, capacity 14023K, committed 14080K, reserved 1048576K
}
Event: 197.267 GC heap after
{Heap after GC invocations=52 (full 0):
 garbage-first heap   total 273408K, used 134205K [0x0000000080000000, 0x0000000100000000)
  region size 1024K, 3 young (3072K), 3 survivors (3072K)
 Metaspace       used 108779K, capacity 111218K, committed 111396K, reserved 1146880K
  class space    used 13161K, capacity 14023K, committed 14080K, reserved 1048576K
}
Event: 202.948 GC heap before
{Heap before GC invocations=53 (full 0):
 garbage-first heap   total 273408K, used 194621K [0x0000000080000000, 0x0000000100000000)
  region size 1024K, 85 young (87040K), 3 survivors (3072K)
 Metaspace       used 113152K, capacity 115668K, committed 115876K, reserved 1150976K
  class space    used 13690K, capacity 14598K, committed 14720K, reserved 1048576K
}
Event: 202.978 GC heap after
{Heap after GC invocations=54 (full 0):
 garbage-first heap   total 273408K, used 116433K [0x0000000080000000, 0x0000000100000000)
  region size 1024K, 8 young (8192K), 8 survivors (8192K)
 Metaspace       used 113152K, capacity 115668K, committed 115876K, reserved 1150976K
  class space    used 13690K, capacity 14598K, committed 14720K, reserved 1048576K
}
Event: 203.051 GC heap before
{Heap before GC invocations=54 (full 0):
 garbage-first heap   total 273408K, used 121553K [0x0000000080000000, 0x0000000100000000)
  region size 1024K, 13 young (13312K), 8 survivors (8192K)
 Metaspace       used 113235K, capacity 115732K, committed 115876K, reserved 1150976K
  class space    used 13701K, capacity 14598K, committed 14720K, reserved 1048576K
}
Event: 203.098 GC heap after
{Heap after GC invocations=55 (full 0):
 garbage-first heap   total 273408K, used 105340K [0x0000000080000000, 0x0000000100000000)
  region size 1024K, 2 young (2048K), 2 survivors (2048K)
 Metaspace       used 113235K, capacity 115732K, committed 115876K, reserved 1150976K
  class space    used 13701K, capacity 14598K, committed 14720K, reserved 1048576K
}
Event: 205.535 GC heap before
{Heap before GC invocations=55 (full 0):
 garbage-first heap   total 273408K, used 207740K [0x0000000080000000, 0x0000000100000000)
  region size 1024K, 103 young (105472K), 2 survivors (2048K)
 Metaspace       used 117107K, capacity 119631K, committed 119844K, reserved 1155072K
  class space    used 14165K, capacity 15102K, committed 15104K, reserved 1048576K
}
Event: 205.572 GC heap after
{Heap after GC invocations=56 (full 0):
 garbage-first heap   total 273408K, used 110725K [0x0000000080000000, 0x0000000100000000)
  region size 1024K, 8 young (8192K), 8 survivors (8192K)
 Metaspace       used 117107K, capacity 119631K, committed 119844K, reserved 1155072K
  class space    used 14165K, capacity 15102K, committed 15104K, reserved 1048576K
}

Deoptimization events (20 events):
Event: 207.836 Thread 0x000001c97c5a7800 Uncommon trap: trap_request=0xffffffd6 fr.pc=0x000001c9085808bc relative=0x00000000000007dc
Event: 207.836 Thread 0x000001c97c5a7800 Uncommon trap: reason=array_check action=maybe_recompile pc=0x000001c9085808bc method=java.util.ComparableTimSort.binarySort([Ljava/lang/Object;III)V @ 193 c2
Event: 207.836 Thread 0x000001c97c5a7800 DEOPT PACKING pc=0x000001c9085808bc sp=0x00000085500f8340
Event: 207.836 Thread 0x000001c97c5a7800 DEOPT UNPACKING pc=0x000001c9000085af sp=0x00000085500f82e0 mode 2
Event: 208.601 Thread 0x000001c97b865800 Uncommon trap: trap_request=0xffffffde fr.pc=0x000001c907e4dafc relative=0x00000000000000bc
Event: 208.601 Thread 0x000001c97b865800 Uncommon trap: reason=class_check action=maybe_recompile pc=0x000001c907e4dafc method=java.lang.ThreadLocal.set(Ljava/lang/Object;)V @ 26 c2
Event: 208.601 Thread 0x000001c97b865800 DEOPT PACKING pc=0x000001c907e4dafc sp=0x0000008550dfd700
Event: 208.601 Thread 0x000001c97b865800 DEOPT UNPACKING pc=0x000001c9000085af sp=0x0000008550dfd690 mode 2
Event: 208.606 Thread 0x000001c97b865800 Uncommon trap: trap_request=0xffffff4d fr.pc=0x000001c9084d19cc relative=0x00000000000005ac
Event: 208.606 Thread 0x000001c97b865800 Uncommon trap: reason=unstable_if action=reinterpret pc=0x000001c9084d19cc method=java.io.ObjectInputStream.filterCheck(Ljava/lang/Class;I)V @ 4 c2
Event: 208.606 Thread 0x000001c97b865800 DEOPT PACKING pc=0x000001c9084d19cc sp=0x0000008550dfb340
Event: 208.606 Thread 0x000001c97b865800 DEOPT UNPACKING pc=0x000001c9000085af sp=0x0000008550dfb260 mode 2
Event: 211.694 Thread 0x000001c97b862800 DEOPT PACKING pc=0x000001c902a5b344 sp=0x000000854f0fec80
Event: 211.694 Thread 0x000001c97b862800 DEOPT UNPACKING pc=0x000001c900049d0e sp=0x000000854f0fe220 mode 0
Event: 211.694 Thread 0x000001c97b862800 Uncommon trap: trap_request=0xffffffde fr.pc=0x000001c908422ab0 relative=0x0000000000001470
Event: 211.694 Thread 0x000001c97b862800 Uncommon trap: reason=class_check action=maybe_recompile pc=0x000001c908422ab0 method=org.gradle.internal.snapshot.ChildMap$Entry.handleAncestorDescendantOrExactMatch(Lorg/gradle/internal/snapshot/VfsRelativePath;Lorg/gradle/internal/snapshot/CaseSensitiv
Event: 211.694 Thread 0x000001c97b862800 DEOPT PACKING pc=0x000001c908422ab0 sp=0x000000854f0fd620
Event: 211.694 Thread 0x000001c97b862800 DEOPT UNPACKING pc=0x000001c9000085af sp=0x000000854f0fd5f0 mode 2
Event: 214.580 Thread 0x000001c97c5a1800 DEOPT PACKING pc=0x000001c90261e997 sp=0x00000085501fe160
Event: 214.580 Thread 0x000001c97c5a1800 DEOPT UNPACKING pc=0x000001c900049d0e sp=0x00000085501fd620 mode 0

Classes redefined (0 events):
No events

Internal exceptions (20 events):
Event: 205.130 Thread 0x000001c97c5a7800 Exception <a 'java/lang/NoSuchMethodError'{0x000000008b317b98}: 'int java.lang.invoke.DirectMethodHandle$Holder.invokeSpecial(java.lang.Object, java.lang.Object, java.lang.Object, java.lang.Object, java.lang.Object)'> (0x000000008b317b98) thrown at [./src/hotspot/share/interpreter/linkResolver.cpp, line 773]
Event: 207.589 Thread 0x000001c97c5a7800 Exception <a 'java/lang/NoSuchMethodError'{0x00000000906de4b0}: <clinit>> (0x00000000906de4b0) thrown at [./src/hotspot/share/prims/jni.cpp, line 1365]
Event: 207.590 Thread 0x000001c97c5a7800 Exception <a 'java/lang/NoSuchMethodError'{0x00000000906f0290}: <clinit>> (0x00000000906f0290) thrown at [./src/hotspot/share/prims/jni.cpp, line 1365]
Event: 207.645 Thread 0x000001c97c5a7800 Exception <a 'java/lang/NoSuchMethodError'{0x00000000905ae658}: 'java.lang.Object java.lang.invoke.DirectMethodHandle$Holder.invokeSpecial(java.lang.Object, java.lang.Object, int, int, java.lang.Object, int, java.lang.Object, java.lang.Object)'> (0x00000000905ae658) thrown at [./src/hotspot/share/interpreter/linkResolver.cpp, line 773]
Event: 207.646 Thread 0x000001c97c5a7800 Exception <a 'java/lang/NoSuchMethodError'{0x00000000905b29e0}: 'java.lang.Object java.lang.invoke.DelegatingMethodHandle$Holder.reinvoke_L(java.lang.Object, int, int, java.lang.Object, int, java.lang.Object, java.lang.Object)'> (0x00000000905b29e0) thrown at [./src/hotspot/share/interpreter/linkResolver.cpp, line 773]
Event: 207.650 Thread 0x000001c97c5a7800 Exception <a 'java/lang/NoSuchMethodError'{0x00000000905dda48}: 'java.lang.Object java.lang.invoke.DirectMethodHandle$Holder.invokeStatic(java.lang.Object, java.lang.Object, java.lang.Object, java.lang.Object, java.lang.Object, java.lang.Object, java.lang.Object, java.lang.Object, int)'> (0x00000000905dda48) thrown at [./src/hotspot/share/interpreter/linkResolver.cpp, line 773]
Event: 207.653 Thread 0x000001c97c5a7800 Exception <a 'java/lang/NoSuchMethodError'{0x00000000905f8ce8}: 'java.lang.Object java.lang.invoke.DirectMethodHandle$Holder.invokeStatic(java.lang.Object, java.lang.Object, java.lang.Object, java.lang.Object, java.lang.Object, java.lang.Object, java.lang.Object, java.lang.Object, int, int)'> (0x00000000905f8ce8) thrown at [./src/hotspot/share/interpreter/linkResolver.cpp, line 773]
Event: 207.655 Thread 0x000001c97c5a7800 Exception <a 'java/lang/NoSuchMethodError'{0x0000000090415318}: 'java.lang.Object java.lang.invoke.DirectMethodHandle$Holder.invokeStatic(java.lang.Object, java.lang.Object, java.lang.Object, java.lang.Object, java.lang.Object, java.lang.Object, java.lang.Object, java.lang.Object, int, int, java.lang.Object)'> (0x0000000090415318) thrown at [./src/hotspot/share/interpreter/linkResolver.cpp, line 773]
Event: 207.657 Thread 0x000001c97c5a7800 Exception <a 'java/lang/NoSuchMethodError'{0x0000000090432890}: 'java.lang.Object java.lang.invoke.DirectMethodHandle$Holder.invokeStatic(java.lang.Object, java.lang.Object, java.lang.Object, java.lang.Object, java.lang.Object, java.lang.Object, java.lang.Object, java.lang.Object, int, int, java.lang.Object, java.lang.Object)'> (0x0000000090432890) thrown at [./src/hotspot/share/interpreter/linkResolver.cpp, line 773]
Event: 207.726 Thread 0x000001c97c5a7800 Exception <a 'java/lang/NoSuchMethodError'{0x0000000090465430}: <clinit>> (0x0000000090465430) thrown at [./src/hotspot/share/prims/jni.cpp, line 1365]
Event: 207.731 Thread 0x000001c97c5a7800 Exception <a 'java/lang/NoSuchMethodError'{0x0000000090497ce8}: <clinit>> (0x0000000090497ce8) thrown at [./src/hotspot/share/prims/jni.cpp, line 1365]
Event: 207.757 Thread 0x000001c97c5a9000 Exception <a 'java/lang/InterruptedException'{0x00000000904fd960}> (0x00000000904fd960) thrown at [./src/hotspot/share/runtime/objectMonitor.cpp, line 1635]
Event: 207.773 Thread 0x000001c97c5a9000 Exception <a 'java/lang/NoSuchMethodError'{0x0000000090305c08}: 'java.lang.Object java.lang.invoke.DirectMethodHandle$Holder.invokeStatic(java.lang.Object, java.lang.Object, int, java.lang.Object, long)'> (0x0000000090305c08) thrown at [./src/hotspot/share/interpreter/linkResolver.cpp, line 773]
Event: 207.789 Thread 0x000001c97c5a7800 Exception <a 'java/lang/NoSuchMethodError'{0x00000000904df200}: <clinit>> (0x00000000904df200) thrown at [./src/hotspot/share/prims/jni.cpp, line 1365]
Event: 207.790 Thread 0x000001c97c5a7800 Exception <a 'java/lang/NoSuchMethodError'{0x00000000904f1700}: <clinit>> (0x00000000904f1700) thrown at [./src/hotspot/share/prims/jni.cpp, line 1365]
Event: 207.792 Thread 0x000001c97c5a7800 Exception <a 'java/lang/NoSuchMethodError'{0x000000009032a370}: <clinit>> (0x000000009032a370) thrown at [./src/hotspot/share/prims/jni.cpp, line 1365]
Event: 207.800 Thread 0x000001c97c5a7800 Exception <a 'java/lang/NoSuchMethodError'{0x000000009034f150}: <clinit>> (0x000000009034f150) thrown at [./src/hotspot/share/prims/jni.cpp, line 1365]
Event: 207.881 Thread 0x000001c97c5a7800 Exception <a 'java/lang/NoSuchMethodError'{0x00000000902ebf28}: <clinit>> (0x00000000902ebf28) thrown at [./src/hotspot/share/prims/jni.cpp, line 1365]
Event: 208.392 Thread 0x000001c97b865800 Exception <a 'java/lang/NoSuchMethodError'{0x00000000900e98e8}: 'java.lang.Object java.lang.invoke.DirectMethodHandle$Holder.invokeStatic(java.lang.Object, java.lang.Object, java.lang.Object, java.lang.Object, java.lang.Object, java.lang.Object, java.lang.Object, java.lang.Object, java.lang.Object, java.lang.Object, java.lang.Object, java.lang.Object, java.lang.Object, int)'> (0x00000000900e98e8) thrown at [./src/hotspot/share/interpreter/linkResolver.cpp, line 773]
Event: 208.393 Thread 0x000001c97b865800 Exception <a 'java/lang/NoSuchMethodError'{0x00000000900f6368}: 'java.lang.Object java.lang.invoke.DirectMethodHandle$Holder.invokeStatic(java.lang.Object, java.lang.Object, java.lang.Object, java.lang.Object, java.lang.Object, java.lang.Object, java.lang.Object, java.lang.Object, java.lang.Object, java.lang.Object, java.lang.Object, java.lang.Object, java.lang.Object, int, int)'> (0x00000000900f6368) thrown at [./src/hotspot/share/interpreter/linkResolver.cpp, line 773]

Events (20 events):
Event: 214.488 loading class org/jetbrains/kotlin/daemon/common/CompileIterationResult
Event: 214.488 loading class org/jetbrains/kotlin/daemon/common/CompileIterationResult done
Event: 214.488 Executing VM operation: RevokeBias
Event: 214.489 Executing VM operation: RevokeBias done
Event: 214.489 Executing VM operation: RevokeBias
Event: 214.490 Executing VM operation: RevokeBias done
Event: 214.490 loading class org/jetbrains/kotlin/daemon/common/CompileIterationResult$Companion
Event: 214.490 loading class org/jetbrains/kotlin/daemon/common/CompileIterationResult$Companion done
Event: 214.532 loading class org/jetbrains/kotlin/build/report/metrics/BuildMetrics$Companion
Event: 214.532 loading class org/jetbrains/kotlin/build/report/metrics/BuildMetrics$Companion done
Event: 214.533 loading class org/jetbrains/kotlin/compilerRunner/ReportUtilsKt
Event: 214.533 loading class org/jetbrains/kotlin/compilerRunner/ReportUtilsKt done
Event: 214.535 loading class org/jetbrains/kotlin/cli/common/ExitCode
Event: 214.535 loading class org/jetbrains/kotlin/cli/common/ExitCode done
Event: 214.538 loading class org/jetbrains/kotlin/gradle/tasks/TasksUtilsKt
Event: 214.538 loading class org/jetbrains/kotlin/gradle/tasks/TasksUtilsKt done
Event: 214.539 loading class org/jetbrains/kotlin/gradle/tasks/TasksUtilsKt$WhenMappings
Event: 214.539 loading class org/jetbrains/kotlin/gradle/tasks/TasksUtilsKt$WhenMappings done
Event: 214.540 loading class org/jetbrains/kotlin/gradle/report/TaskExecutionResult
Event: 214.540 loading class org/jetbrains/kotlin/gradle/report/TaskExecutionResult done


Dynamic libraries:
0x00007ff611b50000 - 0x00007ff611b5a000 	C:\Program Files\Android\Android Studio1\jre\bin\java.exe
0x00007ffbf7fb0000 - 0x00007ffbf81a8000 	C:\Windows\SYSTEM32\ntdll.dll
0x00007ffbf7280000 - 0x00007ffbf733d000 	C:\Windows\System32\KERNEL32.DLL
0x00007ffbf5830000 - 0x00007ffbf5afe000 	C:\Windows\System32\KERNELBASE.dll
0x00007ffbf2ef0000 - 0x00007ffbf2f80000 	C:\Windows\SYSTEM32\apphelp.dll
0x00007ffbf5e00000 - 0x00007ffbf5f00000 	C:\Windows\System32\ucrtbase.dll
0x00007ffbe14e0000 - 0x00007ffbe14f9000 	C:\Program Files\Android\Android Studio1\jre\bin\jli.dll
0x00007ffbd6fc0000 - 0x00007ffbd6fd7000 	C:\Program Files\Android\Android Studio1\jre\bin\VCRUNTIME140.dll
0x00007ffbf66d0000 - 0x00007ffbf6870000 	C:\Windows\System32\USER32.dll
0x00007ffbf5dd0000 - 0x00007ffbf5df2000 	C:\Windows\System32\win32u.dll
0x00007ffbf6010000 - 0x00007ffbf603a000 	C:\Windows\System32\GDI32.dll
0x00007ffbdec10000 - 0x00007ffbdeeaa000 	C:\Windows\WinSxS\amd64_microsoft.windows.common-controls_6595b64144ccf1df_6.0.19041.1110_none_60b5254171f9507e\COMCTL32.dll
0x00007ffbf5c70000 - 0x00007ffbf5d7b000 	C:\Windows\System32\gdi32full.dll
0x00007ffbf6970000 - 0x00007ffbf6a0e000 	C:\Windows\System32\msvcrt.dll
0x00007ffbf5f70000 - 0x00007ffbf600d000 	C:\Windows\System32\msvcp_win.dll
0x00007ffbf6240000 - 0x00007ffbf6270000 	C:\Windows\System32\IMM32.DLL
0x00007ffbd3840000 - 0x00007ffbd38dd000 	C:\Program Files\Android\Android Studio1\jre\bin\msvcp140.dll
0x00007ffb99060000 - 0x00007ffb99b45000 	C:\Program Files\Android\Android Studio1\jre\bin\server\jvm.dll
0x00007ffbf7350000 - 0x00007ffbf73fe000 	C:\Windows\System32\ADVAPI32.dll
0x00007ffbf68d0000 - 0x00007ffbf696c000 	C:\Windows\System32\sechost.dll
0x00007ffbf6040000 - 0x00007ffbf6165000 	C:\Windows\System32\RPCRT4.dll
0x00007ffbf7340000 - 0x00007ffbf7348000 	C:\Windows\System32\PSAPI.DLL
0x00007ffba4970000 - 0x00007ffba4979000 	C:\Windows\SYSTEM32\WSOCK32.dll
0x00007ffbf6a10000 - 0x00007ffbf6a7b000 	C:\Windows\System32\WS2_32.dll
0x00007ffbd3550000 - 0x00007ffbd3577000 	C:\Windows\SYSTEM32\WINMM.dll
0x00007ffbed520000 - 0x00007ffbed52a000 	C:\Windows\SYSTEM32\VERSION.dll
0x00007ffbf35b0000 - 0x00007ffbf35c2000 	C:\Windows\SYSTEM32\kernel.appcore.dll
0x00007ffba45f0000 - 0x00007ffba4601000 	C:\Program Files\Android\Android Studio1\jre\bin\verify.dll
0x00007ffbe3f60000 - 0x00007ffbe4144000 	C:\Windows\SYSTEM32\DBGHELP.DLL
0x00007ffbe3f30000 - 0x00007ffbe3f5c000 	C:\Windows\SYSTEM32\dbgcore.DLL
0x00007ffbf5be0000 - 0x00007ffbf5c62000 	C:\Windows\System32\bcryptPrimitives.dll
0x00007ffb9b620000 - 0x00007ffb9b649000 	C:\Program Files\Android\Android Studio1\jre\bin\java.dll
0x00007ffb9b610000 - 0x00007ffb9b61b000 	C:\Program Files\Android\Android Studio1\jre\bin\jimage.dll
0x00007ffb99040000 - 0x00007ffb99058000 	C:\Program Files\Android\Android Studio1\jre\bin\zip.dll
0x00007ffbf7460000 - 0x00007ffbf7ba4000 	C:\Windows\System32\SHELL32.dll
0x00007ffbf37b0000 - 0x00007ffbf3f44000 	C:\Windows\SYSTEM32\windows.storage.dll
0x00007ffbf6370000 - 0x00007ffbf66c4000 	C:\Windows\System32\combase.dll
0x00007ffbf4f80000 - 0x00007ffbf4fb0000 	C:\Windows\SYSTEM32\Wldp.dll
0x00007ffbf6ae0000 - 0x00007ffbf6b8d000 	C:\Windows\System32\SHCORE.dll
0x00007ffbf6a80000 - 0x00007ffbf6ad5000 	C:\Windows\System32\shlwapi.dll
0x00007ffbf5610000 - 0x00007ffbf562f000 	C:\Windows\SYSTEM32\profapi.dll
0x00007ffb99020000 - 0x00007ffb9903a000 	C:\Program Files\Android\Android Studio1\jre\bin\net.dll
0x00007ffbed250000 - 0x00007ffbed35a000 	C:\Windows\SYSTEM32\WINHTTP.dll
0x00007ffbf4d60000 - 0x00007ffbf4dca000 	C:\Windows\system32\mswsock.dll
0x00007ffb99000000 - 0x00007ffb99014000 	C:\Program Files\Android\Android Studio1\jre\bin\nio.dll
0x00007ffbd3a20000 - 0x00007ffbd3a47000 	C:\Users\solifire\.gradle\native\8bec1ad78214c89d9ad589b4d07fe93259594b29d510b10fafb7a158f7737e5d\windows-amd64\native-platform.dll
0x00007ffbd38e0000 - 0x00007ffbd3a1d000 	C:\Users\solifire\.gradle\native\53dbd7edfb1c66fb8903c78663c9afc45aea4f116125fa6feffd364cf09443e8\windows-amd64\native-platform-file-events.dll
0x00007ffb9b600000 - 0x00007ffb9b60a000 	C:\Program Files\Android\Android Studio1\jre\bin\management.dll
0x00007ffb98ff0000 - 0x00007ffb98ffd000 	C:\Program Files\Android\Android Studio1\jre\bin\management_ext.dll
0x00007ffbf4fc0000 - 0x00007ffbf4fd8000 	C:\Windows\SYSTEM32\CRYPTSP.dll
0x00007ffbf4700000 - 0x00007ffbf4734000 	C:\Windows\system32\rsaenh.dll
0x00007ffbf5bb0000 - 0x00007ffbf5bd7000 	C:\Windows\System32\bcrypt.dll
0x00007ffbf5590000 - 0x00007ffbf55be000 	C:\Windows\SYSTEM32\USERENV.dll
0x00007ffbf4ef0000 - 0x00007ffbf4efc000 	C:\Windows\SYSTEM32\CRYPTBASE.dll
0x00007ffbf4a70000 - 0x00007ffbf4aab000 	C:\Windows\SYSTEM32\IPHLPAPI.DLL
0x00007ffbf7f60000 - 0x00007ffbf7f68000 	C:\Windows\System32\NSI.dll
0x00007ffbedeb0000 - 0x00007ffbedec7000 	C:\Windows\SYSTEM32\dhcpcsvc6.DLL
0x00007ffbede60000 - 0x00007ffbede7d000 	C:\Windows\SYSTEM32\dhcpcsvc.DLL
0x00007ffbf4ab0000 - 0x00007ffbf4b7b000 	C:\Windows\SYSTEM32\DNSAPI.dll
0x00007ffb98a90000 - 0x00007ffb98ab7000 	C:\Program Files\Android\Android Studio1\jre\bin\sunec.dll
0x00007ffbebab0000 - 0x00007ffbebaba000 	C:\Windows\System32\rasadhlp.dll
0x00007ffbecf80000 - 0x00007ffbed000000 	C:\Windows\System32\fwpuclnt.dll
0x00007ffbd6fa0000 - 0x00007ffbd6fbe000 	C:\Users\solifire\AppData\Local\Temp\native-platform14511361147452106476dir\native-platform.dll
0x00007ffbe1560000 - 0x00007ffbe1568000 	C:\Program Files\Android\Android Studio1\jre\bin\rmi.dll

dbghelp: loaded successfully - version: 4.0.5 - missing functions: none
symbol engine: initialized successfully - sym options: 0x614 - pdb path: .;C:\Program Files\Android\Android Studio1\jre\bin;C:\Windows\SYSTEM32;C:\Windows\WinSxS\amd64_microsoft.windows.common-controls_6595b64144ccf1df_6.0.19041.1110_none_60b5254171f9507e;C:\Program Files\Android\Android Studio1\jre\bin\server;C:\Users\solifire\.gradle\native\8bec1ad78214c89d9ad589b4d07fe93259594b29d510b10fafb7a158f7737e5d\windows-amd64;C:\Users\solifire\.gradle\native\53dbd7edfb1c66fb8903c78663c9afc45aea4f116125fa6feffd364cf09443e8\windows-amd64;C:\Users\solifire\AppData\Local\Temp\native-platform14511361147452106476dir

VM Arguments:
jvm_args: --add-opens=java.base/java.util=ALL-UNNAMED --add-opens=java.base/java.lang=ALL-UNNAMED --add-opens=java.base/java.lang.invoke=ALL-UNNAMED --add-opens=java.base/java.util=ALL-UNNAMED --add-opens=java.prefs/java.util.prefs=ALL-UNNAMED --add-opens=java.prefs/java.util.prefs=ALL-UNNAMED --add-opens=java.base/java.nio.charset=ALL-UNNAMED --add-opens=java.base/java.net=ALL-UNNAMED --add-opens=java.base/java.util.concurrent.atomic=ALL-UNNAMED -Xmx2048m -Dfile.encoding=UTF-8 -Duser.country=US -Duser.language=en -Duser.variant 
java_command: org.gradle.launcher.daemon.bootstrap.GradleDaemon 7.0.2
java_class_path (initial): C:\Users\solifire\.gradle\wrapper\dists\gradle-7.0.2-bin\857tjihv64xamwrf0h14cai3r\gradle-7.0.2\lib\gradle-launcher-7.0.2.jar
Launcher Type: SUN_STANDARD

[Global flags]
     intx CICompilerCount                          = 2                                         {product} {ergonomic}
     uint ConcGCThreads                            = 1                                         {product} {ergonomic}
     uint G1ConcRefinementThreads                  = 2                                         {product} {ergonomic}
   size_t G1HeapRegionSize                         = 1048576                                   {product} {ergonomic}
    uintx GCDrainStackTargetSize                   = 64                                        {product} {ergonomic}
   size_t InitialHeapSize                          = 134217728                                 {product} {ergonomic}
   size_t MarkStackSize                            = 4194304                                   {product} {ergonomic}
   size_t MaxHeapSize                              = 2147483648                                {product} {command line}
   size_t MaxNewSize                               = 1287651328                                {product} {ergonomic}
   size_t MinHeapDeltaBytes                        = 1048576                                   {product} {ergonomic}
    uintx NonNMethodCodeHeapSize                   = 5825164                                {pd product} {ergonomic}
    uintx NonProfiledCodeHeapSize                  = 122916538                              {pd product} {ergonomic}
    uintx ProfiledCodeHeapSize                     = 122916538                              {pd product} {ergonomic}
    uintx ReservedCodeCacheSize                    = 251658240                              {pd product} {ergonomic}
     bool SegmentedCodeCache                       = true                                      {product} {ergonomic}
     bool UseCompressedClassPointers               = true                                 {lp64_product} {ergonomic}
     bool UseCompressedOops                        = true                                 {lp64_product} {ergonomic}
     bool UseG1GC                                  = true                                      {product} {ergonomic}
     bool UseLargePagesIndividualAllocation        = false                                  {pd product} {ergonomic}

Logging:
Log output configuration:
 #0: stdout all=warning uptime,level,tags
 #1: stderr all=off uptime,level,tags

Environment Variables:
JAVA_HOME=C:\Program Files (x86)\Java\jre1.8.0_341
PATH=C:\Program Files (x86)\Common Files\Oracle\Java\javapath;C:\Windows\system32;C:\Windows;C:\Windows\System32\Wbem;C:\Windows\System32\WindowsPowerShell\v1.0\;C:\Windows\System32\OpenSSH\;C:\Program Files\Git\cmd;C:\Users\solifire\AppData\Local\Microsoft\WindowsApps;C:\Users\solifire\AppData\Local\Programs\Microsoft VS Code\bin;C:\Users\solifire\AppData\Local\Android\Sdk\platform-tools;C:\Users\solifire\AppData\Local\Android\Sdk\tools;
USERNAME=solifire
OS=Windows_NT
PROCESSOR_IDENTIFIER=Intel64 Family 6 Model 85 Stepping 7, GenuineIntel



---------------  S Y S T E M  ---------------

OS: Windows 10 , 64 bit Build 19041 (10.0.19041.1806)
OS uptime: 0 days 6:58 hours
Hyper-V role detected

CPU:total 2 (initial active 2) (1 cores per cpu, 2 threads per core) family 6 model 85 stepping 7 microcode 0xffffffff, cmov, cx8, fxsr, mmx, sse, sse2, sse3, ssse3, sse4.1, sse4.2, popcnt, avx, avx2, aes, clmul, erms, rtm, 3dnowpref, lzcnt, ht, tsc, bmi1, bmi2, adx, evex, fma

Memory: 4k page, system-wide physical 8190M (528M free)
TotalPageFile size 10238M (AvailPageFile size 5M)
current process WorkingSet (physical memory assigned to process): 558M, peak: 575M
current process commit charge ("private bytes"): 582M, peak: 597M

vm_info: OpenJDK 64-Bit Server VM (11.0.12+7-b1504.28-7817840) for windows-amd64 JRE (11.0.12+7-b1504.28-7817840), built on Oct 13 2021 22:12:33 by "builder" with MS VC++ 14.0 (VS2015)

END.
